[2024-12-07T21:22:02.947+0000] {taskinstance.py:1956} INFO - Dependencies all met for dep_context=non-requeueable deps ti=<TaskInstance: weather_dag.insert_book_data manual__2024-12-07T21:19:52.917204+00:00 [queued]>
[2024-12-07T21:22:02.956+0000] {taskinstance.py:1956} INFO - Dependencies all met for dep_context=requeueable deps ti=<TaskInstance: weather_dag.insert_book_data manual__2024-12-07T21:19:52.917204+00:00 [queued]>
[2024-12-07T21:22:02.957+0000] {taskinstance.py:2170} INFO - Starting attempt 3 of 3
[2024-12-07T21:22:02.968+0000] {taskinstance.py:2191} INFO - Executing <Task(PythonOperator): insert_book_data> on 2024-12-07 21:19:52.917204+00:00
[2024-12-07T21:22:02.973+0000] {standard_task_runner.py:60} INFO - Started process 17907 to run task
[2024-12-07T21:22:02.976+0000] {standard_task_runner.py:87} INFO - Running: ['***', 'tasks', 'run', 'weather_dag', 'insert_book_data', 'manual__2024-12-07T21:19:52.917204+00:00', '--job-id', '385', '--raw', '--subdir', 'DAGS_FOLDER/extract.py', '--cfg-path', '/tmp/tmpkus2zq5t']
[2024-12-07T21:22:02.977+0000] {standard_task_runner.py:88} INFO - Job 385: Subtask insert_book_data
[2024-12-07T21:22:02.989+0000] {warnings.py:109} WARNING - /home/***/.local/lib/python3.8/site-packages/***/settings.py:194: DeprecationWarning: The sql_alchemy_conn option in [core] has been moved to the sql_alchemy_conn option in [database] - the old setting has been used, but please update your config.
  SQL_ALCHEMY_CONN = conf.get("database", "SQL_ALCHEMY_CONN")

[2024-12-07T21:22:03.025+0000] {task_command.py:423} INFO - Running <TaskInstance: weather_dag.insert_book_data manual__2024-12-07T21:19:52.917204+00:00 [running]> on host 8271fbcad3f4
[2024-12-07T21:22:03.106+0000] {taskinstance.py:2480} INFO - Exporting env vars: AIRFLOW_CTX_DAG_EMAIL='thiernosidybah232@gmail.com' AIRFLOW_CTX_DAG_OWNER='***' AIRFLOW_CTX_DAG_ID='weather_dag' AIRFLOW_CTX_TASK_ID='insert_book_data' AIRFLOW_CTX_EXECUTION_DATE='2024-12-07T21:19:52.917204+00:00' AIRFLOW_CTX_TRY_NUMBER='3' AIRFLOW_CTX_DAG_RUN_ID='manual__2024-12-07T21:19:52.917204+00:00'
[2024-12-07T21:22:03.150+0000] {logging_mixin.py:188} INFO -        city weather_description  ...        sunrise_time         sunset_time
0  Toulouse          few clouds  ... 2024-12-07 08:14:17 2024-12-07 17:17:41

[1 rows x 12 columns]
[2024-12-07T21:22:03.157+0000] {base.py:83} INFO - Using connection ID 'weather_database_connection' for task execution.
[2024-12-07T21:22:03.162+0000] {logging_mixin.py:188} INFO - 0    (Toulouse, few clouds, 5.990000000000009, 1.10...
dtype: object
[2024-12-07T21:22:03.163+0000] {taskinstance.py:2698} ERROR - Task failed with exception
Traceback (most recent call last):
  File "/home/airflow/.local/lib/python3.8/site-packages/airflow/models/taskinstance.py", line 433, in _execute_task
    result = execute_callable(context=context, **execute_callable_kwargs)
  File "/home/airflow/.local/lib/python3.8/site-packages/airflow/operators/python.py", line 199, in execute
    return_value = self.execute_callable()
  File "/home/airflow/.local/lib/python3.8/site-packages/airflow/operators/python.py", line 216, in execute_callable
    return self.python_callable(*self.op_args, **self.op_kwargs)
  File "/opt/airflow/dags/extract.py", line 146, in insert_book_data_into_postgre
    cursor.execute(insert_query,record)
TypeError: not all arguments converted during string formatting
[2024-12-07T21:22:03.169+0000] {taskinstance.py:1138} INFO - Marking task as FAILED. dag_id=weather_dag, task_id=insert_book_data, execution_date=20241207T211952, start_date=20241207T212202, end_date=20241207T212203
[2024-12-07T21:22:03.178+0000] {standard_task_runner.py:107} ERROR - Failed to execute job 385 for task insert_book_data (not all arguments converted during string formatting; 17907)
[2024-12-07T21:22:03.188+0000] {local_task_job_runner.py:234} INFO - Task exited with return code 1
[2024-12-07T21:22:03.205+0000] {taskinstance.py:3280} INFO - 0 downstream tasks scheduled from follow-on schedule check
