[2024-12-07T21:04:08.529+0000] {taskinstance.py:1956} INFO - Dependencies all met for dep_context=non-requeueable deps ti=<TaskInstance: weather_dag.insert_book_data manual__2024-12-07T21:04:01.682815+00:00 [queued]>
[2024-12-07T21:04:08.539+0000] {taskinstance.py:1956} INFO - Dependencies all met for dep_context=requeueable deps ti=<TaskInstance: weather_dag.insert_book_data manual__2024-12-07T21:04:01.682815+00:00 [queued]>
[2024-12-07T21:04:08.540+0000] {taskinstance.py:2170} INFO - Starting attempt 1 of 3
[2024-12-07T21:04:08.554+0000] {taskinstance.py:2191} INFO - Executing <Task(PythonOperator): insert_book_data> on 2024-12-07 21:04:01.682815+00:00
[2024-12-07T21:04:08.562+0000] {standard_task_runner.py:60} INFO - Started process 17015 to run task
[2024-12-07T21:04:08.566+0000] {standard_task_runner.py:87} INFO - Running: ['***', 'tasks', 'run', 'weather_dag', 'insert_book_data', 'manual__2024-12-07T21:04:01.682815+00:00', '--job-id', '371', '--raw', '--subdir', 'DAGS_FOLDER/extract.py', '--cfg-path', '/tmp/tmpdmqtrmix']
[2024-12-07T21:04:08.568+0000] {standard_task_runner.py:88} INFO - Job 371: Subtask insert_book_data
[2024-12-07T21:04:08.586+0000] {warnings.py:109} WARNING - /home/***/.local/lib/python3.8/site-packages/***/settings.py:194: DeprecationWarning: The sql_alchemy_conn option in [core] has been moved to the sql_alchemy_conn option in [database] - the old setting has been used, but please update your config.
  SQL_ALCHEMY_CONN = conf.get("database", "SQL_ALCHEMY_CONN")

[2024-12-07T21:04:08.625+0000] {task_command.py:423} INFO - Running <TaskInstance: weather_dag.insert_book_data manual__2024-12-07T21:04:01.682815+00:00 [running]> on host 8271fbcad3f4
[2024-12-07T21:04:08.697+0000] {taskinstance.py:2480} INFO - Exporting env vars: AIRFLOW_CTX_DAG_EMAIL='thiernosidybah232@gmail.com' AIRFLOW_CTX_DAG_OWNER='***' AIRFLOW_CTX_DAG_ID='weather_dag' AIRFLOW_CTX_TASK_ID='insert_book_data' AIRFLOW_CTX_EXECUTION_DATE='2024-12-07T21:04:01.682815+00:00' AIRFLOW_CTX_TRY_NUMBER='1' AIRFLOW_CTX_DAG_RUN_ID='manual__2024-12-07T21:04:01.682815+00:00'
[2024-12-07T21:04:08.738+0000] {logging_mixin.py:188} INFO -        city weather_description  ...        sunrise_time         sunset_time
0  Toulouse           clear sky  ... 2024-12-07 08:14:17 2024-12-07 17:17:41

[1 rows x 12 columns]
[2024-12-07T21:04:08.745+0000] {base.py:83} INFO - Using connection ID 'weather_database_connection' for task execution.
[2024-12-07T21:04:08.750+0000] {taskinstance.py:2698} ERROR - Task failed with exception
Traceback (most recent call last):
  File "/home/airflow/.local/lib/python3.8/site-packages/airflow/models/taskinstance.py", line 433, in _execute_task
    result = execute_callable(context=context, **execute_callable_kwargs)
  File "/home/airflow/.local/lib/python3.8/site-packages/airflow/operators/python.py", line 199, in execute
    return_value = self.execute_callable()
  File "/home/airflow/.local/lib/python3.8/site-packages/airflow/operators/python.py", line 216, in execute_callable
    return self.python_callable(*self.op_args, **self.op_kwargs)
  File "/opt/airflow/dags/extract.py", line 145, in insert_book_data_into_postgre
    cursor.execute(insert_query,record)
TypeError: not all arguments converted during string formatting
[2024-12-07T21:04:08.757+0000] {taskinstance.py:1138} INFO - Marking task as UP_FOR_RETRY. dag_id=weather_dag, task_id=insert_book_data, execution_date=20241207T210401, start_date=20241207T210408, end_date=20241207T210408
[2024-12-07T21:04:08.766+0000] {standard_task_runner.py:107} ERROR - Failed to execute job 371 for task insert_book_data (not all arguments converted during string formatting; 17015)
[2024-12-07T21:04:08.777+0000] {local_task_job_runner.py:234} INFO - Task exited with return code 1
[2024-12-07T21:04:08.789+0000] {taskinstance.py:3280} INFO - 0 downstream tasks scheduled from follow-on schedule check
