[2024-12-06T20:24:52.071+0000] {taskinstance.py:1956} INFO - Dependencies all met for dep_context=non-requeueable deps ti=<TaskInstance: weather_dag.transform_load_weather_data manual__2024-12-06T20:23:43.970541+00:00 [queued]>
[2024-12-06T20:24:52.078+0000] {taskinstance.py:1956} INFO - Dependencies all met for dep_context=requeueable deps ti=<TaskInstance: weather_dag.transform_load_weather_data manual__2024-12-06T20:23:43.970541+00:00 [queued]>
[2024-12-06T20:24:52.078+0000] {taskinstance.py:2170} INFO - Starting attempt 2 of 3
[2024-12-06T20:24:52.088+0000] {taskinstance.py:2191} INFO - Executing <Task(PythonOperator): transform_load_weather_data> on 2024-12-06 20:23:43.970541+00:00
[2024-12-06T20:24:52.094+0000] {standard_task_runner.py:60} INFO - Started process 4311 to run task
[2024-12-06T20:24:52.098+0000] {standard_task_runner.py:87} INFO - Running: ['***', 'tasks', 'run', 'weather_dag', 'transform_load_weather_data', 'manual__2024-12-06T20:23:43.970541+00:00', '--job-id', '11', '--raw', '--subdir', 'DAGS_FOLDER/extract.py', '--cfg-path', '/tmp/tmpayz3z_ub']
[2024-12-06T20:24:52.099+0000] {standard_task_runner.py:88} INFO - Job 11: Subtask transform_load_weather_data
[2024-12-06T20:24:52.114+0000] {warnings.py:109} WARNING - /home/***/.local/lib/python3.8/site-packages/***/settings.py:194: DeprecationWarning: The sql_alchemy_conn option in [core] has been moved to the sql_alchemy_conn option in [database] - the old setting has been used, but please update your config.
  SQL_ALCHEMY_CONN = conf.get("database", "SQL_ALCHEMY_CONN")

[2024-12-06T20:24:52.162+0000] {task_command.py:423} INFO - Running <TaskInstance: weather_dag.transform_load_weather_data manual__2024-12-06T20:23:43.970541+00:00 [running]> on host 8a5e48d7ee4d
[2024-12-06T20:24:52.224+0000] {taskinstance.py:2480} INFO - Exporting env vars: AIRFLOW_CTX_DAG_EMAIL='thiernosidybah232@gmail.com' AIRFLOW_CTX_DAG_OWNER='***' AIRFLOW_CTX_DAG_ID='weather_dag' AIRFLOW_CTX_TASK_ID='transform_load_weather_data' AIRFLOW_CTX_EXECUTION_DATE='2024-12-06T20:23:43.970541+00:00' AIRFLOW_CTX_TRY_NUMBER='2' AIRFLOW_CTX_DAG_RUN_ID='manual__2024-12-06T20:23:43.970541+00:00'
[2024-12-06T20:24:52.225+0000] {taskinstance.py:2698} ERROR - Task failed with exception
Traceback (most recent call last):
  File "/home/airflow/.local/lib/python3.8/site-packages/airflow/models/taskinstance.py", line 433, in _execute_task
    result = execute_callable(context=context, **execute_callable_kwargs)
  File "/home/airflow/.local/lib/python3.8/site-packages/airflow/operators/python.py", line 199, in execute
    return_value = self.execute_callable()
  File "/home/airflow/.local/lib/python3.8/site-packages/airflow/operators/python.py", line 216, in execute_callable
    return self.python_callable(*self.op_args, **self.op_kwargs)
TypeError: transformed_data() missing 1 required positional argument: 'data'
[2024-12-06T20:24:52.234+0000] {taskinstance.py:1138} INFO - Marking task as UP_FOR_RETRY. dag_id=weather_dag, task_id=transform_load_weather_data, execution_date=20241206T202343, start_date=20241206T202452, end_date=20241206T202452
[2024-12-06T20:24:52.247+0000] {standard_task_runner.py:107} ERROR - Failed to execute job 11 for task transform_load_weather_data (transformed_data() missing 1 required positional argument: 'data'; 4311)
[2024-12-06T20:24:52.269+0000] {local_task_job_runner.py:234} INFO - Task exited with return code 1
[2024-12-06T20:24:52.292+0000] {taskinstance.py:3280} INFO - 0 downstream tasks scheduled from follow-on schedule check
