[2024-12-07T16:36:09.665+0000] {taskinstance.py:1956} INFO - Dependencies all met for dep_context=non-requeueable deps ti=<TaskInstance: weather_dag.create_table manual__2024-12-07T16:33:59.492405+00:00 [queued]>
[2024-12-07T16:36:09.670+0000] {taskinstance.py:1956} INFO - Dependencies all met for dep_context=requeueable deps ti=<TaskInstance: weather_dag.create_table manual__2024-12-07T16:33:59.492405+00:00 [queued]>
[2024-12-07T16:36:09.670+0000] {taskinstance.py:2170} INFO - Starting attempt 3 of 3
[2024-12-07T16:36:09.679+0000] {taskinstance.py:2191} INFO - Executing <Task(PostgresOperator): create_table> on 2024-12-07 16:33:59.492405+00:00
[2024-12-07T16:36:09.684+0000] {standard_task_runner.py:60} INFO - Started process 4573 to run task
[2024-12-07T16:36:09.686+0000] {standard_task_runner.py:87} INFO - Running: ['***', 'tasks', 'run', 'weather_dag', 'create_table', 'manual__2024-12-07T16:33:59.492405+00:00', '--job-id', '194', '--raw', '--subdir', 'DAGS_FOLDER/extract.py', '--cfg-path', '/tmp/tmpjoygis0a']
[2024-12-07T16:36:09.687+0000] {standard_task_runner.py:88} INFO - Job 194: Subtask create_table
[2024-12-07T16:36:09.699+0000] {warnings.py:109} WARNING - /home/***/.local/lib/python3.8/site-packages/***/settings.py:194: DeprecationWarning: The sql_alchemy_conn option in [core] has been moved to the sql_alchemy_conn option in [database] - the old setting has been used, but please update your config.
  SQL_ALCHEMY_CONN = conf.get("database", "SQL_ALCHEMY_CONN")

[2024-12-07T16:36:09.722+0000] {task_command.py:423} INFO - Running <TaskInstance: weather_dag.create_table manual__2024-12-07T16:33:59.492405+00:00 [running]> on host 8271fbcad3f4
[2024-12-07T16:36:09.785+0000] {taskinstance.py:2480} INFO - Exporting env vars: AIRFLOW_CTX_DAG_EMAIL='thiernosidybah232@gmail.com' AIRFLOW_CTX_DAG_OWNER='***' AIRFLOW_CTX_DAG_ID='weather_dag' AIRFLOW_CTX_TASK_ID='create_table' AIRFLOW_CTX_EXECUTION_DATE='2024-12-07T16:33:59.492405+00:00' AIRFLOW_CTX_TRY_NUMBER='3' AIRFLOW_CTX_DAG_RUN_ID='manual__2024-12-07T16:33:59.492405+00:00'
[2024-12-07T16:36:09.786+0000] {sql.py:276} INFO - Executing: 
                        CREATE TABLE IF NOT EXISTS Test(
                            id SERIAL PRIMARY KEY,
                            City TEXT ,
                            Description TEXT, 
                            Temperature_C NUMERICAL, 
                            Feels_Like_C NUMERICAL, 
                            Pressure NUMERICAL, 
                            Humidity NUMERICAL,
                            Wind_Speed NUMERICAL,
                            Time_of_Record TIMESTAMP, 
                            Sunrise_Local_time TIMESTAMP,
                            Sunset_Local_time  TIMESTAMP
                            );
                
                
                    
[2024-12-07T16:36:09.794+0000] {base.py:83} INFO - Using connection ID 'weather_database_connection' for task execution.
[2024-12-07T16:36:09.803+0000] {base.py:83} INFO - Using connection ID 'weather_database_connection' for task execution.
[2024-12-07T16:36:09.806+0000] {sql.py:450} INFO - Running statement: 
                        CREATE TABLE IF NOT EXISTS Test(
                            id SERIAL PRIMARY KEY,
                            City TEXT ,
                            Description TEXT, 
                            Temperature_C NUMERICAL, 
                            Feels_Like_C NUMERICAL, 
                            Pressure NUMERICAL, 
                            Humidity NUMERICAL,
                            Wind_Speed NUMERICAL,
                            Time_of_Record TIMESTAMP, 
                            Sunrise_Local_time TIMESTAMP,
                            Sunset_Local_time  TIMESTAMP
                            );
                
                
                    , parameters: None
[2024-12-07T16:36:09.807+0000] {taskinstance.py:2698} ERROR - Task failed with exception
Traceback (most recent call last):
  File "/home/airflow/.local/lib/python3.8/site-packages/airflow/models/taskinstance.py", line 433, in _execute_task
    result = execute_callable(context=context, **execute_callable_kwargs)
  File "/home/airflow/.local/lib/python3.8/site-packages/airflow/providers/common/sql/operators/sql.py", line 282, in execute
    output = hook.run(
  File "/home/airflow/.local/lib/python3.8/site-packages/airflow/providers/common/sql/hooks/sql.py", line 398, in run
    self._run_command(cur, sql_statement, parameters)
  File "/home/airflow/.local/lib/python3.8/site-packages/airflow/providers/common/sql/hooks/sql.py", line 455, in _run_command
    cur.execute(sql_statement)
psycopg2.errors.UndefinedObject: type "numerical" does not exist
LINE 6:                             Temperature_C NUMERICAL, 
                                                  ^

[2024-12-07T16:36:09.817+0000] {taskinstance.py:1138} INFO - Marking task as FAILED. dag_id=weather_dag, task_id=create_table, execution_date=20241207T163359, start_date=20241207T163609, end_date=20241207T163609
[2024-12-07T16:36:09.832+0000] {standard_task_runner.py:107} ERROR - Failed to execute job 194 for task create_table (type "numerical" does not exist
LINE 6:                             Temperature_C NUMERICAL, 
                                                  ^
; 4573)
[2024-12-07T16:36:09.858+0000] {local_task_job_runner.py:234} INFO - Task exited with return code 1
[2024-12-07T16:36:09.894+0000] {taskinstance.py:3280} INFO - 0 downstream tasks scheduled from follow-on schedule check
