[2024-12-08T13:10:19.132+0000] {taskinstance.py:1956} INFO - Dependencies all met for dep_context=non-requeueable deps ti=<TaskInstance: weather_dag.Transform_weather_data manual__2024-12-08T13:10:12.228395+00:00 [queued]>
[2024-12-08T13:10:19.138+0000] {taskinstance.py:1956} INFO - Dependencies all met for dep_context=requeueable deps ti=<TaskInstance: weather_dag.Transform_weather_data manual__2024-12-08T13:10:12.228395+00:00 [queued]>
[2024-12-08T13:10:19.138+0000] {taskinstance.py:2170} INFO - Starting attempt 1 of 3
[2024-12-08T13:10:19.147+0000] {taskinstance.py:2191} INFO - Executing <Task(PythonOperator): Transform_weather_data> on 2024-12-08 13:10:12.228395+00:00
[2024-12-08T13:10:19.153+0000] {standard_task_runner.py:60} INFO - Started process 916 to run task
[2024-12-08T13:10:19.156+0000] {standard_task_runner.py:87} INFO - Running: ['***', 'tasks', 'run', 'weather_dag', 'Transform_weather_data', 'manual__2024-12-08T13:10:12.228395+00:00', '--job-id', '438', '--raw', '--subdir', 'DAGS_FOLDER/extract.py', '--cfg-path', '/tmp/tmp3sbfw4uk']
[2024-12-08T13:10:19.157+0000] {standard_task_runner.py:88} INFO - Job 438: Subtask Transform_weather_data
[2024-12-08T13:10:19.167+0000] {warnings.py:109} WARNING - /home/***/.local/lib/python3.8/site-packages/***/settings.py:194: DeprecationWarning: The sql_alchemy_conn option in [core] has been moved to the sql_alchemy_conn option in [database] - the old setting has been used, but please update your config.
  SQL_ALCHEMY_CONN = conf.get("database", "SQL_ALCHEMY_CONN")

[2024-12-08T13:10:19.195+0000] {task_command.py:423} INFO - Running <TaskInstance: weather_dag.Transform_weather_data manual__2024-12-08T13:10:12.228395+00:00 [running]> on host 08c9c3bec828
[2024-12-08T13:10:19.274+0000] {taskinstance.py:2480} INFO - Exporting env vars: AIRFLOW_CTX_DAG_EMAIL='thiernosidybah232@gmail.com' AIRFLOW_CTX_DAG_OWNER='***' AIRFLOW_CTX_DAG_ID='weather_dag' AIRFLOW_CTX_TASK_ID='Transform_weather_data' AIRFLOW_CTX_EXECUTION_DATE='2024-12-08T13:10:12.228395+00:00' AIRFLOW_CTX_TRY_NUMBER='1' AIRFLOW_CTX_DAG_RUN_ID='manual__2024-12-08T13:10:12.228395+00:00'
[2024-12-08T13:10:19.308+0000] {python.py:201} INFO - Done. Returned value was:                           city  ...         sunset_time
0                     Toulouse  ... 2024-12-08 17:17:37
1     Arrondissement de Nantes  ... 2024-12-08 17:16:48
2   Arrondissement de Grenoble  ... 2024-12-08 16:54:55
3  Arrondissement de Marseille  ... 2024-12-08 17:02:18
4       Arrondissement de Lyon  ... 2024-12-08 16:57:30
5                     Montreal  ... 2024-12-08 16:11:03
6                     New York  ... 2024-12-08 16:28:38
7                      Conakry  ... 2024-12-08 18:34:24
8                        Dakar  ... 2024-12-08 18:40:28

[9 rows x 12 columns]
[2024-12-08T13:10:19.350+0000] {taskinstance.py:1138} INFO - Marking task as SUCCESS. dag_id=weather_dag, task_id=Transform_weather_data, execution_date=20241208T131012, start_date=20241208T131019, end_date=20241208T131019
[2024-12-08T13:10:19.369+0000] {local_task_job_runner.py:234} INFO - Task exited with return code 0
[2024-12-08T13:10:19.404+0000] {taskinstance.py:3280} INFO - 1 downstream tasks scheduled from follow-on schedule check
