[2024-12-07T18:50:46.302+0000] {taskinstance.py:1956} INFO - Dependencies all met for dep_context=non-requeueable deps ti=<TaskInstance: weather_dag.create_table manual__2024-12-07T18:50:40.279529+00:00 [queued]>
[2024-12-07T18:50:46.312+0000] {taskinstance.py:1956} INFO - Dependencies all met for dep_context=requeueable deps ti=<TaskInstance: weather_dag.create_table manual__2024-12-07T18:50:40.279529+00:00 [queued]>
[2024-12-07T18:50:46.312+0000] {taskinstance.py:2170} INFO - Starting attempt 1 of 3
[2024-12-07T18:50:46.327+0000] {taskinstance.py:2191} INFO - Executing <Task(PostgresOperator): create_table> on 2024-12-07 18:50:40.279529+00:00
[2024-12-07T18:50:46.331+0000] {standard_task_runner.py:60} INFO - Started process 10782 to run task
[2024-12-07T18:50:46.333+0000] {standard_task_runner.py:87} INFO - Running: ['***', 'tasks', 'run', 'weather_dag', 'create_table', 'manual__2024-12-07T18:50:40.279529+00:00', '--job-id', '259', '--raw', '--subdir', 'DAGS_FOLDER/extract.py', '--cfg-path', '/tmp/tmp5gpq69l5']
[2024-12-07T18:50:46.334+0000] {standard_task_runner.py:88} INFO - Job 259: Subtask create_table
[2024-12-07T18:50:46.344+0000] {warnings.py:109} WARNING - /home/***/.local/lib/python3.8/site-packages/***/settings.py:194: DeprecationWarning: The sql_alchemy_conn option in [core] has been moved to the sql_alchemy_conn option in [database] - the old setting has been used, but please update your config.
  SQL_ALCHEMY_CONN = conf.get("database", "SQL_ALCHEMY_CONN")

[2024-12-07T18:50:46.372+0000] {task_command.py:423} INFO - Running <TaskInstance: weather_dag.create_table manual__2024-12-07T18:50:40.279529+00:00 [running]> on host 8271fbcad3f4
[2024-12-07T18:50:46.466+0000] {taskinstance.py:2480} INFO - Exporting env vars: AIRFLOW_CTX_DAG_EMAIL='thiernosidybah232@gmail.com' AIRFLOW_CTX_DAG_OWNER='***' AIRFLOW_CTX_DAG_ID='weather_dag' AIRFLOW_CTX_TASK_ID='create_table' AIRFLOW_CTX_EXECUTION_DATE='2024-12-07T18:50:40.279529+00:00' AIRFLOW_CTX_TRY_NUMBER='1' AIRFLOW_CTX_DAG_RUN_ID='manual__2024-12-07T18:50:40.279529+00:00'
[2024-12-07T18:50:46.467+0000] {sql.py:276} INFO - Executing: 
                        CREATE TABLE IF NOT EXISTS Tests(
                            City TEXT ,
                            Description TEXT, 
                            Temperature_C NUMERIC, 
                            Feels_Like_C NUMERIC, 
                            Pressure NUMERIC, 
                            Humidity NUMERIC,
                            Wind_Speed NUMERIC,
                            Time_of_Record TIMESTAMP, 
                            Sunrise_Local_time TIMESTAMP,
                            Sunset_Local_time  TIMESTAMP
                            );
                
                
                    
[2024-12-07T18:50:46.477+0000] {base.py:83} INFO - Using connection ID 'weather_database_connection' for task execution.
[2024-12-07T18:50:46.487+0000] {base.py:83} INFO - Using connection ID 'weather_database_connection' for task execution.
[2024-12-07T18:50:46.492+0000] {sql.py:450} INFO - Running statement: 
                        CREATE TABLE IF NOT EXISTS Tests(
                            City TEXT ,
                            Description TEXT, 
                            Temperature_C NUMERIC, 
                            Feels_Like_C NUMERIC, 
                            Pressure NUMERIC, 
                            Humidity NUMERIC,
                            Wind_Speed NUMERIC,
                            Time_of_Record TIMESTAMP, 
                            Sunrise_Local_time TIMESTAMP,
                            Sunset_Local_time  TIMESTAMP
                            );
                
                
                    , parameters: None
[2024-12-07T18:50:46.508+0000] {taskinstance.py:1138} INFO - Marking task as SUCCESS. dag_id=weather_dag, task_id=create_table, execution_date=20241207T185040, start_date=20241207T185046, end_date=20241207T185046
[2024-12-07T18:50:46.545+0000] {local_task_job_runner.py:234} INFO - Task exited with return code 0
[2024-12-07T18:50:46.575+0000] {taskinstance.py:3280} INFO - 1 downstream tasks scheduled from follow-on schedule check
