[2024-12-07T20:22:48.768+0000] {taskinstance.py:1956} INFO - Dependencies all met for dep_context=non-requeueable deps ti=<TaskInstance: weather_dag.Transform_weather_data manual__2024-12-07T20:22:43.693272+00:00 [queued]>
[2024-12-07T20:22:48.776+0000] {taskinstance.py:1956} INFO - Dependencies all met for dep_context=requeueable deps ti=<TaskInstance: weather_dag.Transform_weather_data manual__2024-12-07T20:22:43.693272+00:00 [queued]>
[2024-12-07T20:22:48.776+0000] {taskinstance.py:2170} INFO - Starting attempt 1 of 3
[2024-12-07T20:22:48.784+0000] {taskinstance.py:2191} INFO - Executing <Task(PythonOperator): Transform_weather_data> on 2024-12-07 20:22:43.693272+00:00
[2024-12-07T20:22:48.789+0000] {standard_task_runner.py:60} INFO - Started process 15129 to run task
[2024-12-07T20:22:48.793+0000] {standard_task_runner.py:87} INFO - Running: ['***', 'tasks', 'run', 'weather_dag', 'Transform_weather_data', 'manual__2024-12-07T20:22:43.693272+00:00', '--job-id', '327', '--raw', '--subdir', 'DAGS_FOLDER/extract.py', '--cfg-path', '/tmp/tmpkmmavs3c']
[2024-12-07T20:22:48.795+0000] {standard_task_runner.py:88} INFO - Job 327: Subtask Transform_weather_data
[2024-12-07T20:22:48.806+0000] {warnings.py:109} WARNING - /home/***/.local/lib/python3.8/site-packages/***/settings.py:194: DeprecationWarning: The sql_alchemy_conn option in [core] has been moved to the sql_alchemy_conn option in [database] - the old setting has been used, but please update your config.
  SQL_ALCHEMY_CONN = conf.get("database", "SQL_ALCHEMY_CONN")

[2024-12-07T20:22:48.849+0000] {task_command.py:423} INFO - Running <TaskInstance: weather_dag.Transform_weather_data manual__2024-12-07T20:22:43.693272+00:00 [running]> on host 8271fbcad3f4
[2024-12-07T20:22:48.924+0000] {taskinstance.py:2480} INFO - Exporting env vars: AIRFLOW_CTX_DAG_EMAIL='thiernosidybah232@gmail.com' AIRFLOW_CTX_DAG_OWNER='***' AIRFLOW_CTX_DAG_ID='weather_dag' AIRFLOW_CTX_TASK_ID='Transform_weather_data' AIRFLOW_CTX_EXECUTION_DATE='2024-12-07T20:22:43.693272+00:00' AIRFLOW_CTX_TRY_NUMBER='1' AIRFLOW_CTX_DAG_RUN_ID='manual__2024-12-07T20:22:43.693272+00:00'
[2024-12-07T20:22:48.936+0000] {taskinstance.py:2698} ERROR - Task failed with exception
Traceback (most recent call last):
  File "/home/airflow/.local/lib/python3.8/site-packages/airflow/models/taskinstance.py", line 433, in _execute_task
    result = execute_callable(context=context, **execute_callable_kwargs)
  File "/home/airflow/.local/lib/python3.8/site-packages/airflow/operators/python.py", line 199, in execute
    return_value = self.execute_callable()
  File "/home/airflow/.local/lib/python3.8/site-packages/airflow/operators/python.py", line 216, in execute_callable
    return self.python_callable(*self.op_args, **self.op_kwargs)
  File "/opt/airflow/dags/extract.py", line 85, in transform_data
    transformed_data = pd.concat([transformed_data, transformed_values])
  File "/home/airflow/.local/lib/python3.8/site-packages/pandas/core/reshape/concat.py", line 372, in concat
    op = _Concatenator(
  File "/home/airflow/.local/lib/python3.8/site-packages/pandas/core/reshape/concat.py", line 462, in __init__
    raise TypeError(msg)
TypeError: cannot concatenate object of type '<class 'list'>'; only Series and DataFrame objs are valid
[2024-12-07T20:22:48.943+0000] {taskinstance.py:1138} INFO - Marking task as UP_FOR_RETRY. dag_id=weather_dag, task_id=Transform_weather_data, execution_date=20241207T202243, start_date=20241207T202248, end_date=20241207T202248
[2024-12-07T20:22:48.953+0000] {standard_task_runner.py:107} ERROR - Failed to execute job 327 for task Transform_weather_data (cannot concatenate object of type '<class 'list'>'; only Series and DataFrame objs are valid; 15129)
[2024-12-07T20:22:48.963+0000] {local_task_job_runner.py:234} INFO - Task exited with return code 1
[2024-12-07T20:22:48.984+0000] {taskinstance.py:3280} INFO - 0 downstream tasks scheduled from follow-on schedule check
