[2024-12-06T20:10:47.685+0000] {taskinstance.py:1956} INFO - Dependencies all met for dep_context=non-requeueable deps ti=<TaskInstance: weather_dag.is_weather_api_ready manual__2024-12-06T20:10:46.028568+00:00 [queued]>
[2024-12-06T20:10:47.694+0000] {taskinstance.py:1956} INFO - Dependencies all met for dep_context=requeueable deps ti=<TaskInstance: weather_dag.is_weather_api_ready manual__2024-12-06T20:10:46.028568+00:00 [queued]>
[2024-12-06T20:10:47.694+0000] {taskinstance.py:2170} INFO - Starting attempt 1 of 3
[2024-12-06T20:10:47.704+0000] {taskinstance.py:2191} INFO - Executing <Task(HttpSensor): is_weather_api_ready> on 2024-12-06 20:10:46.028568+00:00
[2024-12-06T20:10:47.713+0000] {standard_task_runner.py:60} INFO - Started process 3702 to run task
[2024-12-06T20:10:47.716+0000] {standard_task_runner.py:87} INFO - Running: ['***', 'tasks', 'run', 'weather_dag', 'is_weather_api_ready', 'manual__2024-12-06T20:10:46.028568+00:00', '--job-id', '6', '--raw', '--subdir', 'DAGS_FOLDER/extract.py', '--cfg-path', '/tmp/tmp70puxt4j']
[2024-12-06T20:10:47.717+0000] {standard_task_runner.py:88} INFO - Job 6: Subtask is_weather_api_ready
[2024-12-06T20:10:47.732+0000] {warnings.py:109} WARNING - /home/***/.local/lib/python3.8/site-packages/***/settings.py:194: DeprecationWarning: The sql_alchemy_conn option in [core] has been moved to the sql_alchemy_conn option in [database] - the old setting has been used, but please update your config.
  SQL_ALCHEMY_CONN = conf.get("database", "SQL_ALCHEMY_CONN")

[2024-12-06T20:10:47.768+0000] {task_command.py:423} INFO - Running <TaskInstance: weather_dag.is_weather_api_ready manual__2024-12-06T20:10:46.028568+00:00 [running]> on host 8a5e48d7ee4d
[2024-12-06T20:10:47.857+0000] {taskinstance.py:2480} INFO - Exporting env vars: AIRFLOW_CTX_DAG_EMAIL='thiernosidybah232@gmail.com' AIRFLOW_CTX_DAG_OWNER='***' AIRFLOW_CTX_DAG_ID='weather_dag' AIRFLOW_CTX_TASK_ID='is_weather_api_ready' AIRFLOW_CTX_EXECUTION_DATE='2024-12-06T20:10:46.028568+00:00' AIRFLOW_CTX_TRY_NUMBER='1' AIRFLOW_CTX_DAG_RUN_ID='manual__2024-12-06T20:10:46.028568+00:00'
[2024-12-06T20:10:47.858+0000] {http.py:130} INFO - Poking: https://api.openweathermap.org/data/2.5/weather?q=Nantes&appid=92a2228961d1701676a43daabb355f4d
[2024-12-06T20:10:47.874+0000] {base.py:83} INFO - Using connection ID 'weathermap_api' for task execution.
[2024-12-06T20:10:49.174+0000] {http.py:178} ERROR - HTTP error: Not Found
[2024-12-06T20:10:49.174+0000] {http.py:179} ERROR - <html>
<head><title>404 Not Found</title></head>
<body>
<center><h1>404 Not Found</h1></center>
<hr><center>openresty</center>
</body>
</html>

[2024-12-06T20:11:48.675+0000] {http.py:130} INFO - Poking: https://api.openweathermap.org/data/2.5/weather?q=Nantes&appid=92a2228961d1701676a43daabb355f4d
[2024-12-06T20:11:48.692+0000] {base.py:83} INFO - Using connection ID 'weathermap_api' for task execution.
[2024-12-06T20:11:48.970+0000] {http.py:178} ERROR - HTTP error: Not Found
[2024-12-06T20:11:48.971+0000] {http.py:179} ERROR - <html>
<head><title>404 Not Found</title></head>
<body>
<center><h1>404 Not Found</h1></center>
<hr><center>openresty</center>
</body>
</html>

[2024-12-06T20:12:49.033+0000] {http.py:130} INFO - Poking: https://api.openweathermap.org/data/2.5/weather?q=Nantes&appid=92a2228961d1701676a43daabb355f4d
[2024-12-06T20:12:49.040+0000] {base.py:83} INFO - Using connection ID 'weathermap_api' for task execution.
[2024-12-06T20:12:49.818+0000] {http.py:178} ERROR - HTTP error: Not Found
[2024-12-06T20:12:49.819+0000] {http.py:179} ERROR - <html>
<head><title>404 Not Found</title></head>
<body>
<center><h1>404 Not Found</h1></center>
<hr><center>openresty</center>
</body>
</html>

[2024-12-06T20:13:49.825+0000] {http.py:130} INFO - Poking: https://api.openweathermap.org/data/2.5/weather?q=Nantes&appid=92a2228961d1701676a43daabb355f4d
[2024-12-06T20:13:49.836+0000] {base.py:83} INFO - Using connection ID 'weathermap_api' for task execution.
[2024-12-06T20:13:52.289+0000] {http.py:178} ERROR - HTTP error: Not Found
[2024-12-06T20:13:52.289+0000] {http.py:179} ERROR - <html>
<head><title>404 Not Found</title></head>
<body>
<center><h1>404 Not Found</h1></center>
<hr><center>openresty</center>
</body>
</html>

[2024-12-06T20:14:52.817+0000] {http.py:130} INFO - Poking: https://api.openweathermap.org/data/2.5/weather?q=Nantes&appid=92a2228961d1701676a43daabb355f4d
[2024-12-06T20:14:52.828+0000] {base.py:83} INFO - Using connection ID 'weathermap_api' for task execution.
[2024-12-06T20:14:53.785+0000] {http.py:178} ERROR - HTTP error: Not Found
[2024-12-06T20:14:53.786+0000] {http.py:179} ERROR - <html>
<head><title>404 Not Found</title></head>
<body>
<center><h1>404 Not Found</h1></center>
<hr><center>openresty</center>
</body>
</html>

[2024-12-06T20:15:53.849+0000] {http.py:130} INFO - Poking: https://api.openweathermap.org/data/2.5/weather?q=Nantes&appid=92a2228961d1701676a43daabb355f4d
[2024-12-06T20:15:53.857+0000] {base.py:83} INFO - Using connection ID 'weathermap_api' for task execution.
[2024-12-06T20:15:55.019+0000] {http.py:178} ERROR - HTTP error: Not Found
[2024-12-06T20:15:55.020+0000] {http.py:179} ERROR - <html>
<head><title>404 Not Found</title></head>
<body>
<center><h1>404 Not Found</h1></center>
<hr><center>openresty</center>
</body>
</html>

[2024-12-06T20:16:55.081+0000] {http.py:130} INFO - Poking: https://api.openweathermap.org/data/2.5/weather?q=Nantes&appid=92a2228961d1701676a43daabb355f4d
[2024-12-06T20:16:55.092+0000] {base.py:83} INFO - Using connection ID 'weathermap_api' for task execution.
[2024-12-06T20:16:56.694+0000] {http.py:178} ERROR - HTTP error: Not Found
[2024-12-06T20:16:56.695+0000] {http.py:179} ERROR - <html>
<head><title>404 Not Found</title></head>
<body>
<center><h1>404 Not Found</h1></center>
<hr><center>openresty</center>
</body>
</html>

[2024-12-06T20:17:56.758+0000] {http.py:130} INFO - Poking: https://api.openweathermap.org/data/2.5/weather?q=Nantes&appid=92a2228961d1701676a43daabb355f4d
[2024-12-06T20:17:56.773+0000] {base.py:83} INFO - Using connection ID 'weathermap_api' for task execution.
[2024-12-06T20:17:58.602+0000] {http.py:178} ERROR - HTTP error: Not Found
[2024-12-06T20:17:58.603+0000] {http.py:179} ERROR - <html>
<head><title>404 Not Found</title></head>
<body>
<center><h1>404 Not Found</h1></center>
<hr><center>openresty</center>
</body>
</html>

[2024-12-06T20:18:58.664+0000] {http.py:130} INFO - Poking: https://api.openweathermap.org/data/2.5/weather?q=Nantes&appid=92a2228961d1701676a43daabb355f4d
[2024-12-06T20:18:58.673+0000] {base.py:83} INFO - Using connection ID 'weathermap_api' for task execution.
[2024-12-06T20:18:59.244+0000] {http.py:178} ERROR - HTTP error: Not Found
[2024-12-06T20:18:59.244+0000] {http.py:179} ERROR - <html>
<head><title>404 Not Found</title></head>
<body>
<center><h1>404 Not Found</h1></center>
<hr><center>openresty</center>
</body>
</html>

[2024-12-06T20:19:59.305+0000] {http.py:130} INFO - Poking: https://api.openweathermap.org/data/2.5/weather?q=Nantes&appid=92a2228961d1701676a43daabb355f4d
[2024-12-06T20:19:59.321+0000] {base.py:83} INFO - Using connection ID 'weathermap_api' for task execution.
[2024-12-06T20:20:00.716+0000] {http.py:178} ERROR - HTTP error: Not Found
[2024-12-06T20:20:00.717+0000] {http.py:179} ERROR - <html>
<head><title>404 Not Found</title></head>
<body>
<center><h1>404 Not Found</h1></center>
<hr><center>openresty</center>
</body>
</html>

[2024-12-06T20:21:00.722+0000] {http.py:130} INFO - Poking: https://api.openweathermap.org/data/2.5/weather?q=Nantes&appid=92a2228961d1701676a43daabb355f4d
[2024-12-06T20:21:00.729+0000] {base.py:83} INFO - Using connection ID 'weathermap_api' for task execution.
[2024-12-06T20:21:02.987+0000] {http.py:178} ERROR - HTTP error: Not Found
[2024-12-06T20:21:02.988+0000] {http.py:179} ERROR - <html>
<head><title>404 Not Found</title></head>
<body>
<center><h1>404 Not Found</h1></center>
<hr><center>openresty</center>
</body>
</html>

[2024-12-06T20:22:03.050+0000] {http.py:130} INFO - Poking: https://api.openweathermap.org/data/2.5/weather?q=Nantes&appid=92a2228961d1701676a43daabb355f4d
[2024-12-06T20:22:03.064+0000] {base.py:83} INFO - Using connection ID 'weathermap_api' for task execution.
[2024-12-06T20:22:03.339+0000] {http.py:178} ERROR - HTTP error: Not Found
[2024-12-06T20:22:03.340+0000] {http.py:179} ERROR - <html>
<head><title>404 Not Found</title></head>
<body>
<center><h1>404 Not Found</h1></center>
<hr><center>openresty</center>
</body>
</html>

[2024-12-06T20:23:03.368+0000] {http.py:130} INFO - Poking: https://api.openweathermap.org/data/2.5/weather?q=Nantes&appid=92a2228961d1701676a43daabb355f4d
[2024-12-06T20:23:03.374+0000] {base.py:83} INFO - Using connection ID 'weathermap_api' for task execution.
[2024-12-06T20:23:04.712+0000] {http.py:178} ERROR - HTTP error: Not Found
[2024-12-06T20:23:04.713+0000] {http.py:179} ERROR - <html>
<head><title>404 Not Found</title></head>
<body>
<center><h1>404 Not Found</h1></center>
<hr><center>openresty</center>
</body>
</html>

[2024-12-06T20:24:04.774+0000] {http.py:130} INFO - Poking: https://api.openweathermap.org/data/2.5/weather?q=Nantes&appid=92a2228961d1701676a43daabb355f4d
[2024-12-06T20:24:04.785+0000] {base.py:83} INFO - Using connection ID 'weathermap_api' for task execution.
[2024-12-06T20:24:06.987+0000] {http.py:178} ERROR - HTTP error: Not Found
[2024-12-06T20:24:06.987+0000] {http.py:179} ERROR - <html>
<head><title>404 Not Found</title></head>
<body>
<center><h1>404 Not Found</h1></center>
<hr><center>openresty</center>
</body>
</html>

[2024-12-06T20:25:07.037+0000] {http.py:130} INFO - Poking: https://api.openweathermap.org/data/2.5/weather?q=Nantes&appid=92a2228961d1701676a43daabb355f4d
[2024-12-06T20:25:07.049+0000] {base.py:83} INFO - Using connection ID 'weathermap_api' for task execution.
[2024-12-06T20:25:08.427+0000] {http.py:178} ERROR - HTTP error: Not Found
[2024-12-06T20:25:08.428+0000] {http.py:179} ERROR - <html>
<head><title>404 Not Found</title></head>
<body>
<center><h1>404 Not Found</h1></center>
<hr><center>openresty</center>
</body>
</html>

[2024-12-06T20:26:08.490+0000] {http.py:130} INFO - Poking: https://api.openweathermap.org/data/2.5/weather?q=Nantes&appid=92a2228961d1701676a43daabb355f4d
[2024-12-06T20:26:08.496+0000] {base.py:83} INFO - Using connection ID 'weathermap_api' for task execution.
[2024-12-06T20:26:09.508+0000] {http.py:178} ERROR - HTTP error: Not Found
[2024-12-06T20:26:09.509+0000] {http.py:179} ERROR - <html>
<head><title>404 Not Found</title></head>
<body>
<center><h1>404 Not Found</h1></center>
<hr><center>openresty</center>
</body>
</html>

[2024-12-06T20:27:09.572+0000] {http.py:130} INFO - Poking: https://api.openweathermap.org/data/2.5/weather?q=Nantes&appid=92a2228961d1701676a43daabb355f4d
[2024-12-06T20:27:09.584+0000] {base.py:83} INFO - Using connection ID 'weathermap_api' for task execution.
[2024-12-06T20:27:12.267+0000] {http.py:178} ERROR - HTTP error: Not Found
[2024-12-06T20:27:12.267+0000] {http.py:179} ERROR - <html>
<head><title>404 Not Found</title></head>
<body>
<center><h1>404 Not Found</h1></center>
<hr><center>openresty</center>
</body>
</html>

[2024-12-06T20:28:12.328+0000] {http.py:130} INFO - Poking: https://api.openweathermap.org/data/2.5/weather?q=Nantes&appid=92a2228961d1701676a43daabb355f4d
[2024-12-06T20:28:12.334+0000] {base.py:83} INFO - Using connection ID 'weathermap_api' for task execution.
[2024-12-06T20:28:13.155+0000] {http.py:178} ERROR - HTTP error: Not Found
[2024-12-06T20:28:13.155+0000] {http.py:179} ERROR - <html>
<head><title>404 Not Found</title></head>
<body>
<center><h1>404 Not Found</h1></center>
<hr><center>openresty</center>
</body>
</html>

[2024-12-06T20:29:13.160+0000] {http.py:130} INFO - Poking: https://api.openweathermap.org/data/2.5/weather?q=Nantes&appid=92a2228961d1701676a43daabb355f4d
[2024-12-06T20:29:13.173+0000] {base.py:83} INFO - Using connection ID 'weathermap_api' for task execution.
[2024-12-06T20:29:16.620+0000] {http.py:178} ERROR - HTTP error: Not Found
[2024-12-06T20:29:16.620+0000] {http.py:179} ERROR - <html>
<head><title>404 Not Found</title></head>
<body>
<center><h1>404 Not Found</h1></center>
<hr><center>openresty</center>
</body>
</html>

[2024-12-06T20:30:16.657+0000] {http.py:130} INFO - Poking: https://api.openweathermap.org/data/2.5/weather?q=Nantes&appid=92a2228961d1701676a43daabb355f4d
[2024-12-06T20:30:16.669+0000] {base.py:83} INFO - Using connection ID 'weathermap_api' for task execution.
[2024-12-06T20:30:17.396+0000] {http.py:178} ERROR - HTTP error: Not Found
[2024-12-06T20:30:17.397+0000] {http.py:179} ERROR - <html>
<head><title>404 Not Found</title></head>
<body>
<center><h1>404 Not Found</h1></center>
<hr><center>openresty</center>
</body>
</html>

[2024-12-06T20:31:17.449+0000] {http.py:130} INFO - Poking: https://api.openweathermap.org/data/2.5/weather?q=Nantes&appid=92a2228961d1701676a43daabb355f4d
[2024-12-06T20:31:17.461+0000] {base.py:83} INFO - Using connection ID 'weathermap_api' for task execution.
[2024-12-06T20:31:22.954+0000] {http.py:178} ERROR - HTTP error: Not Found
[2024-12-06T20:31:22.955+0000] {http.py:179} ERROR - <html>
<head><title>404 Not Found</title></head>
<body>
<center><h1>404 Not Found</h1></center>
<hr><center>openresty</center>
</body>
</html>

[2024-12-06T20:32:23.016+0000] {http.py:130} INFO - Poking: https://api.openweathermap.org/data/2.5/weather?q=Nantes&appid=92a2228961d1701676a43daabb355f4d
[2024-12-06T20:32:23.023+0000] {base.py:83} INFO - Using connection ID 'weathermap_api' for task execution.
[2024-12-06T20:32:26.373+0000] {http.py:178} ERROR - HTTP error: Not Found
[2024-12-06T20:32:26.374+0000] {http.py:179} ERROR - <html>
<head><title>404 Not Found</title></head>
<body>
<center><h1>404 Not Found</h1></center>
<hr><center>openresty</center>
</body>
</html>

[2024-12-06T20:33:26.435+0000] {http.py:130} INFO - Poking: https://api.openweathermap.org/data/2.5/weather?q=Nantes&appid=92a2228961d1701676a43daabb355f4d
[2024-12-06T20:33:26.445+0000] {base.py:83} INFO - Using connection ID 'weathermap_api' for task execution.
[2024-12-06T20:33:28.971+0000] {http.py:178} ERROR - HTTP error: Not Found
[2024-12-06T20:33:28.971+0000] {http.py:179} ERROR - <html>
<head><title>404 Not Found</title></head>
<body>
<center><h1>404 Not Found</h1></center>
<hr><center>openresty</center>
</body>
</html>

[2024-12-06T20:34:29.033+0000] {http.py:130} INFO - Poking: https://api.openweathermap.org/data/2.5/weather?q=Nantes&appid=92a2228961d1701676a43daabb355f4d
[2024-12-06T20:34:29.040+0000] {base.py:83} INFO - Using connection ID 'weathermap_api' for task execution.
[2024-12-06T20:34:31.195+0000] {http.py:178} ERROR - HTTP error: Not Found
[2024-12-06T20:34:31.195+0000] {http.py:179} ERROR - <html>
<head><title>404 Not Found</title></head>
<body>
<center><h1>404 Not Found</h1></center>
<hr><center>openresty</center>
</body>
</html>

[2024-12-06T20:35:31.257+0000] {http.py:130} INFO - Poking: https://api.openweathermap.org/data/2.5/weather?q=Nantes&appid=92a2228961d1701676a43daabb355f4d
[2024-12-06T20:35:31.270+0000] {base.py:83} INFO - Using connection ID 'weathermap_api' for task execution.
[2024-12-06T20:35:33.309+0000] {http.py:178} ERROR - HTTP error: Not Found
[2024-12-06T20:35:33.310+0000] {http.py:179} ERROR - <html>
<head><title>404 Not Found</title></head>
<body>
<center><h1>404 Not Found</h1></center>
<hr><center>openresty</center>
</body>
</html>

[2024-12-06T20:36:33.372+0000] {http.py:130} INFO - Poking: https://api.openweathermap.org/data/2.5/weather?q=Nantes&appid=92a2228961d1701676a43daabb355f4d
[2024-12-06T20:36:33.378+0000] {base.py:83} INFO - Using connection ID 'weathermap_api' for task execution.
[2024-12-06T20:36:36.044+0000] {http.py:178} ERROR - HTTP error: Not Found
[2024-12-06T20:36:36.044+0000] {http.py:179} ERROR - <html>
<head><title>404 Not Found</title></head>
<body>
<center><h1>404 Not Found</h1></center>
<hr><center>openresty</center>
</body>
</html>

[2024-12-06T20:37:36.060+0000] {http.py:130} INFO - Poking: https://api.openweathermap.org/data/2.5/weather?q=Nantes&appid=92a2228961d1701676a43daabb355f4d
[2024-12-06T20:37:36.071+0000] {base.py:83} INFO - Using connection ID 'weathermap_api' for task execution.
[2024-12-06T20:37:38.955+0000] {http.py:178} ERROR - HTTP error: Not Found
[2024-12-06T20:37:38.955+0000] {http.py:179} ERROR - <html>
<head><title>404 Not Found</title></head>
<body>
<center><h1>404 Not Found</h1></center>
<hr><center>openresty</center>
</body>
</html>

[2024-12-06T20:38:39.016+0000] {http.py:130} INFO - Poking: https://api.openweathermap.org/data/2.5/weather?q=Nantes&appid=92a2228961d1701676a43daabb355f4d
[2024-12-06T20:38:39.022+0000] {base.py:83} INFO - Using connection ID 'weathermap_api' for task execution.
[2024-12-06T20:38:41.843+0000] {http.py:178} ERROR - HTTP error: Not Found
[2024-12-06T20:38:41.843+0000] {http.py:179} ERROR - <html>
<head><title>404 Not Found</title></head>
<body>
<center><h1>404 Not Found</h1></center>
<hr><center>openresty</center>
</body>
</html>

[2024-12-06T20:39:41.904+0000] {http.py:130} INFO - Poking: https://api.openweathermap.org/data/2.5/weather?q=Nantes&appid=92a2228961d1701676a43daabb355f4d
[2024-12-06T20:39:41.915+0000] {base.py:83} INFO - Using connection ID 'weathermap_api' for task execution.
[2024-12-06T20:39:46.327+0000] {http.py:178} ERROR - HTTP error: Not Found
[2024-12-06T20:39:46.327+0000] {http.py:179} ERROR - <html>
<head><title>404 Not Found</title></head>
<body>
<center><h1>404 Not Found</h1></center>
<hr><center>openresty</center>
</body>
</html>

[2024-12-06T20:40:46.388+0000] {http.py:130} INFO - Poking: https://api.openweathermap.org/data/2.5/weather?q=Nantes&appid=92a2228961d1701676a43daabb355f4d
[2024-12-06T20:40:46.396+0000] {base.py:83} INFO - Using connection ID 'weathermap_api' for task execution.
[2024-12-06T20:40:46.987+0000] {http.py:178} ERROR - HTTP error: Not Found
[2024-12-06T20:40:46.987+0000] {http.py:179} ERROR - <html>
<head><title>404 Not Found</title></head>
<body>
<center><h1>404 Not Found</h1></center>
<hr><center>openresty</center>
</body>
</html>

[2024-12-06T20:41:47.040+0000] {http.py:130} INFO - Poking: https://api.openweathermap.org/data/2.5/weather?q=Nantes&appid=92a2228961d1701676a43daabb355f4d
[2024-12-06T20:41:47.054+0000] {base.py:83} INFO - Using connection ID 'weathermap_api' for task execution.
[2024-12-06T20:41:47.246+0000] {http.py:178} ERROR - HTTP error: Not Found
[2024-12-06T20:41:47.247+0000] {http.py:179} ERROR - <html>
<head><title>404 Not Found</title></head>
<body>
<center><h1>404 Not Found</h1></center>
<hr><center>openresty</center>
</body>
</html>

[2024-12-06T20:42:47.309+0000] {http.py:130} INFO - Poking: https://api.openweathermap.org/data/2.5/weather?q=Nantes&appid=92a2228961d1701676a43daabb355f4d
[2024-12-06T20:42:47.324+0000] {base.py:83} INFO - Using connection ID 'weathermap_api' for task execution.
[2024-12-06T20:42:49.484+0000] {http.py:178} ERROR - HTTP error: Not Found
[2024-12-06T20:42:49.484+0000] {http.py:179} ERROR - <html>
<head><title>404 Not Found</title></head>
<body>
<center><h1>404 Not Found</h1></center>
<hr><center>openresty</center>
</body>
</html>

[2024-12-06T20:43:49.517+0000] {http.py:130} INFO - Poking: https://api.openweathermap.org/data/2.5/weather?q=Nantes&appid=92a2228961d1701676a43daabb355f4d
[2024-12-06T20:43:49.529+0000] {base.py:83} INFO - Using connection ID 'weathermap_api' for task execution.
[2024-12-06T20:43:50.060+0000] {http.py:178} ERROR - HTTP error: Not Found
[2024-12-06T20:43:50.061+0000] {http.py:179} ERROR - <html>
<head><title>404 Not Found</title></head>
<body>
<center><h1>404 Not Found</h1></center>
<hr><center>openresty</center>
</body>
</html>

[2024-12-06T20:44:50.126+0000] {http.py:130} INFO - Poking: https://api.openweathermap.org/data/2.5/weather?q=Nantes&appid=92a2228961d1701676a43daabb355f4d
[2024-12-06T20:44:50.131+0000] {base.py:83} INFO - Using connection ID 'weathermap_api' for task execution.
[2024-12-06T20:44:51.113+0000] {http.py:178} ERROR - HTTP error: Not Found
[2024-12-06T20:44:51.114+0000] {http.py:179} ERROR - <html>
<head><title>404 Not Found</title></head>
<body>
<center><h1>404 Not Found</h1></center>
<hr><center>openresty</center>
</body>
</html>

[2024-12-06T20:45:51.131+0000] {http.py:130} INFO - Poking: https://api.openweathermap.org/data/2.5/weather?q=Nantes&appid=92a2228961d1701676a43daabb355f4d
[2024-12-06T20:45:51.137+0000] {base.py:83} INFO - Using connection ID 'weathermap_api' for task execution.
[2024-12-06T20:45:51.492+0000] {http.py:178} ERROR - HTTP error: Not Found
[2024-12-06T20:45:51.493+0000] {http.py:179} ERROR - <html>
<head><title>404 Not Found</title></head>
<body>
<center><h1>404 Not Found</h1></center>
<hr><center>openresty</center>
</body>
</html>

[2024-12-06T20:46:51.555+0000] {http.py:130} INFO - Poking: https://api.openweathermap.org/data/2.5/weather?q=Nantes&appid=92a2228961d1701676a43daabb355f4d
[2024-12-06T20:46:51.563+0000] {base.py:83} INFO - Using connection ID 'weathermap_api' for task execution.
[2024-12-06T20:46:53.012+0000] {http.py:178} ERROR - HTTP error: Not Found
[2024-12-06T20:46:53.012+0000] {http.py:179} ERROR - <html>
<head><title>404 Not Found</title></head>
<body>
<center><h1>404 Not Found</h1></center>
<hr><center>openresty</center>
</body>
</html>

[2024-12-06T20:47:53.073+0000] {http.py:130} INFO - Poking: https://api.openweathermap.org/data/2.5/weather?q=Nantes&appid=92a2228961d1701676a43daabb355f4d
[2024-12-06T20:47:53.079+0000] {base.py:83} INFO - Using connection ID 'weathermap_api' for task execution.
[2024-12-06T20:47:53.506+0000] {http.py:178} ERROR - HTTP error: Not Found
[2024-12-06T20:47:53.507+0000] {http.py:179} ERROR - <html>
<head><title>404 Not Found</title></head>
<body>
<center><h1>404 Not Found</h1></center>
<hr><center>openresty</center>
</body>
</html>

[2024-12-06T20:48:53.568+0000] {http.py:130} INFO - Poking: https://api.openweathermap.org/data/2.5/weather?q=Nantes&appid=92a2228961d1701676a43daabb355f4d
[2024-12-06T20:48:53.580+0000] {base.py:83} INFO - Using connection ID 'weathermap_api' for task execution.
[2024-12-06T20:48:54.987+0000] {http.py:178} ERROR - HTTP error: Not Found
[2024-12-06T20:48:54.987+0000] {http.py:179} ERROR - <html>
<head><title>404 Not Found</title></head>
<body>
<center><h1>404 Not Found</h1></center>
<hr><center>openresty</center>
</body>
</html>

[2024-12-06T20:49:55.049+0000] {http.py:130} INFO - Poking: https://api.openweathermap.org/data/2.5/weather?q=Nantes&appid=92a2228961d1701676a43daabb355f4d
[2024-12-06T20:49:55.062+0000] {base.py:83} INFO - Using connection ID 'weathermap_api' for task execution.
[2024-12-06T20:49:57.005+0000] {http.py:178} ERROR - HTTP error: Not Found
[2024-12-06T20:49:57.006+0000] {http.py:179} ERROR - <html>
<head><title>404 Not Found</title></head>
<body>
<center><h1>404 Not Found</h1></center>
<hr><center>openresty</center>
</body>
</html>

[2024-12-06T20:50:57.069+0000] {http.py:130} INFO - Poking: https://api.openweathermap.org/data/2.5/weather?q=Nantes&appid=92a2228961d1701676a43daabb355f4d
[2024-12-06T20:50:57.075+0000] {base.py:83} INFO - Using connection ID 'weathermap_api' for task execution.
[2024-12-06T20:50:59.085+0000] {http.py:178} ERROR - HTTP error: Not Found
[2024-12-06T20:50:59.086+0000] {http.py:179} ERROR - <html>
<head><title>404 Not Found</title></head>
<body>
<center><h1>404 Not Found</h1></center>
<hr><center>openresty</center>
</body>
</html>

[2024-12-06T20:51:59.148+0000] {http.py:130} INFO - Poking: https://api.openweathermap.org/data/2.5/weather?q=Nantes&appid=92a2228961d1701676a43daabb355f4d
[2024-12-06T20:51:59.155+0000] {base.py:83} INFO - Using connection ID 'weathermap_api' for task execution.
[2024-12-06T20:52:00.652+0000] {http.py:178} ERROR - HTTP error: Not Found
[2024-12-06T20:52:00.652+0000] {http.py:179} ERROR - <html>
<head><title>404 Not Found</title></head>
<body>
<center><h1>404 Not Found</h1></center>
<hr><center>openresty</center>
</body>
</html>

[2024-12-06T20:53:00.714+0000] {http.py:130} INFO - Poking: https://api.openweathermap.org/data/2.5/weather?q=Nantes&appid=92a2228961d1701676a43daabb355f4d
[2024-12-06T20:53:00.720+0000] {base.py:83} INFO - Using connection ID 'weathermap_api' for task execution.
[2024-12-06T20:53:00.976+0000] {http.py:178} ERROR - HTTP error: Not Found
[2024-12-06T20:53:00.976+0000] {http.py:179} ERROR - <html>
<head><title>404 Not Found</title></head>
<body>
<center><h1>404 Not Found</h1></center>
<hr><center>openresty</center>
</body>
</html>

[2024-12-06T20:54:01.038+0000] {http.py:130} INFO - Poking: https://api.openweathermap.org/data/2.5/weather?q=Nantes&appid=92a2228961d1701676a43daabb355f4d
[2024-12-06T20:54:01.047+0000] {base.py:83} INFO - Using connection ID 'weathermap_api' for task execution.
[2024-12-06T20:54:01.210+0000] {http.py:178} ERROR - HTTP error: Not Found
[2024-12-06T20:54:01.211+0000] {http.py:179} ERROR - <html>
<head><title>404 Not Found</title></head>
<body>
<center><h1>404 Not Found</h1></center>
<hr><center>openresty</center>
</body>
</html>

[2024-12-06T20:55:01.256+0000] {http.py:130} INFO - Poking: https://api.openweathermap.org/data/2.5/weather?q=Nantes&appid=92a2228961d1701676a43daabb355f4d
[2024-12-06T20:55:01.268+0000] {base.py:83} INFO - Using connection ID 'weathermap_api' for task execution.
[2024-12-06T20:55:01.956+0000] {http.py:178} ERROR - HTTP error: Not Found
[2024-12-06T20:55:01.956+0000] {http.py:179} ERROR - <html>
<head><title>404 Not Found</title></head>
<body>
<center><h1>404 Not Found</h1></center>
<hr><center>openresty</center>
</body>
</html>

[2024-12-06T20:56:02.018+0000] {http.py:130} INFO - Poking: https://api.openweathermap.org/data/2.5/weather?q=Nantes&appid=92a2228961d1701676a43daabb355f4d
[2024-12-06T20:56:02.026+0000] {base.py:83} INFO - Using connection ID 'weathermap_api' for task execution.
[2024-12-06T20:56:03.020+0000] {http.py:178} ERROR - HTTP error: Not Found
[2024-12-06T20:56:03.021+0000] {http.py:179} ERROR - <html>
<head><title>404 Not Found</title></head>
<body>
<center><h1>404 Not Found</h1></center>
<hr><center>openresty</center>
</body>
</html>

[2024-12-06T20:57:03.084+0000] {http.py:130} INFO - Poking: https://api.openweathermap.org/data/2.5/weather?q=Nantes&appid=92a2228961d1701676a43daabb355f4d
[2024-12-06T20:57:03.093+0000] {base.py:83} INFO - Using connection ID 'weathermap_api' for task execution.
[2024-12-06T20:57:03.297+0000] {http.py:178} ERROR - HTTP error: Not Found
[2024-12-06T20:57:03.298+0000] {http.py:179} ERROR - <html>
<head><title>404 Not Found</title></head>
<body>
<center><h1>404 Not Found</h1></center>
<hr><center>openresty</center>
</body>
</html>

[2024-12-06T20:58:03.360+0000] {http.py:130} INFO - Poking: https://api.openweathermap.org/data/2.5/weather?q=Nantes&appid=92a2228961d1701676a43daabb355f4d
[2024-12-06T20:58:03.366+0000] {base.py:83} INFO - Using connection ID 'weathermap_api' for task execution.
[2024-12-06T20:58:04.867+0000] {http.py:178} ERROR - HTTP error: Not Found
[2024-12-06T20:58:04.867+0000] {http.py:179} ERROR - <html>
<head><title>404 Not Found</title></head>
<body>
<center><h1>404 Not Found</h1></center>
<hr><center>openresty</center>
</body>
</html>

[2024-12-06T20:59:04.927+0000] {http.py:130} INFO - Poking: https://api.openweathermap.org/data/2.5/weather?q=Nantes&appid=92a2228961d1701676a43daabb355f4d
[2024-12-06T20:59:04.940+0000] {base.py:83} INFO - Using connection ID 'weathermap_api' for task execution.
[2024-12-06T20:59:06.315+0000] {http.py:178} ERROR - HTTP error: Not Found
[2024-12-06T20:59:06.315+0000] {http.py:179} ERROR - <html>
<head><title>404 Not Found</title></head>
<body>
<center><h1>404 Not Found</h1></center>
<hr><center>openresty</center>
</body>
</html>

[2024-12-06T21:00:06.376+0000] {http.py:130} INFO - Poking: https://api.openweathermap.org/data/2.5/weather?q=Nantes&appid=92a2228961d1701676a43daabb355f4d
[2024-12-06T21:00:06.390+0000] {base.py:83} INFO - Using connection ID 'weathermap_api' for task execution.
[2024-12-06T21:00:06.987+0000] {http.py:178} ERROR - HTTP error: Not Found
[2024-12-06T21:00:06.987+0000] {http.py:179} ERROR - <html>
<head><title>404 Not Found</title></head>
<body>
<center><h1>404 Not Found</h1></center>
<hr><center>openresty</center>
</body>
</html>

[2024-12-06T21:01:07.048+0000] {http.py:130} INFO - Poking: https://api.openweathermap.org/data/2.5/weather?q=Nantes&appid=92a2228961d1701676a43daabb355f4d
[2024-12-06T21:01:07.058+0000] {base.py:83} INFO - Using connection ID 'weathermap_api' for task execution.
[2024-12-06T21:01:07.445+0000] {http.py:178} ERROR - HTTP error: Not Found
[2024-12-06T21:01:07.446+0000] {http.py:179} ERROR - <html>
<head><title>404 Not Found</title></head>
<body>
<center><h1>404 Not Found</h1></center>
<hr><center>openresty</center>
</body>
</html>

[2024-12-06T21:02:07.507+0000] {http.py:130} INFO - Poking: https://api.openweathermap.org/data/2.5/weather?q=Nantes&appid=92a2228961d1701676a43daabb355f4d
[2024-12-06T21:02:07.518+0000] {base.py:83} INFO - Using connection ID 'weathermap_api' for task execution.
[2024-12-06T21:02:08.722+0000] {http.py:178} ERROR - HTTP error: Not Found
[2024-12-06T21:02:08.723+0000] {http.py:179} ERROR - <html>
<head><title>404 Not Found</title></head>
<body>
<center><h1>404 Not Found</h1></center>
<hr><center>openresty</center>
</body>
</html>

[2024-12-06T21:03:08.748+0000] {http.py:130} INFO - Poking: https://api.openweathermap.org/data/2.5/weather?q=Nantes&appid=92a2228961d1701676a43daabb355f4d
[2024-12-06T21:03:08.756+0000] {base.py:83} INFO - Using connection ID 'weathermap_api' for task execution.
[2024-12-06T21:03:09.072+0000] {http.py:178} ERROR - HTTP error: Not Found
[2024-12-06T21:03:09.072+0000] {http.py:179} ERROR - <html>
<head><title>404 Not Found</title></head>
<body>
<center><h1>404 Not Found</h1></center>
<hr><center>openresty</center>
</body>
</html>

[2024-12-06T21:04:09.101+0000] {http.py:130} INFO - Poking: https://api.openweathermap.org/data/2.5/weather?q=Nantes&appid=92a2228961d1701676a43daabb355f4d
[2024-12-06T21:04:09.114+0000] {base.py:83} INFO - Using connection ID 'weathermap_api' for task execution.
[2024-12-06T21:04:09.980+0000] {http.py:178} ERROR - HTTP error: Not Found
[2024-12-06T21:04:09.981+0000] {http.py:179} ERROR - <html>
<head><title>404 Not Found</title></head>
<body>
<center><h1>404 Not Found</h1></center>
<hr><center>openresty</center>
</body>
</html>

[2024-12-06T21:05:10.035+0000] {http.py:130} INFO - Poking: https://api.openweathermap.org/data/2.5/weather?q=Nantes&appid=92a2228961d1701676a43daabb355f4d
[2024-12-06T21:05:10.041+0000] {base.py:83} INFO - Using connection ID 'weathermap_api' for task execution.
[2024-12-06T21:05:12.373+0000] {http.py:178} ERROR - HTTP error: Not Found
[2024-12-06T21:05:12.373+0000] {http.py:179} ERROR - <html>
<head><title>404 Not Found</title></head>
<body>
<center><h1>404 Not Found</h1></center>
<hr><center>openresty</center>
</body>
</html>

[2024-12-06T21:06:12.391+0000] {http.py:130} INFO - Poking: https://api.openweathermap.org/data/2.5/weather?q=Nantes&appid=92a2228961d1701676a43daabb355f4d
[2024-12-06T21:06:12.402+0000] {base.py:83} INFO - Using connection ID 'weathermap_api' for task execution.
[2024-12-06T21:06:13.004+0000] {http.py:178} ERROR - HTTP error: Not Found
[2024-12-06T21:06:13.005+0000] {http.py:179} ERROR - <html>
<head><title>404 Not Found</title></head>
<body>
<center><h1>404 Not Found</h1></center>
<hr><center>openresty</center>
</body>
</html>

[2024-12-06T21:07:13.067+0000] {http.py:130} INFO - Poking: https://api.openweathermap.org/data/2.5/weather?q=Nantes&appid=92a2228961d1701676a43daabb355f4d
[2024-12-06T21:07:13.073+0000] {base.py:83} INFO - Using connection ID 'weathermap_api' for task execution.
[2024-12-06T21:07:14.220+0000] {http.py:178} ERROR - HTTP error: Not Found
[2024-12-06T21:07:14.221+0000] {http.py:179} ERROR - <html>
<head><title>404 Not Found</title></head>
<body>
<center><h1>404 Not Found</h1></center>
<hr><center>openresty</center>
</body>
</html>

[2024-12-06T21:08:14.285+0000] {http.py:130} INFO - Poking: https://api.openweathermap.org/data/2.5/weather?q=Nantes&appid=92a2228961d1701676a43daabb355f4d
[2024-12-06T21:08:14.296+0000] {base.py:83} INFO - Using connection ID 'weathermap_api' for task execution.
[2024-12-06T21:08:15.628+0000] {http.py:178} ERROR - HTTP error: Not Found
[2024-12-06T21:08:15.629+0000] {http.py:179} ERROR - <html>
<head><title>404 Not Found</title></head>
<body>
<center><h1>404 Not Found</h1></center>
<hr><center>openresty</center>
</body>
</html>

[2024-12-06T21:09:15.661+0000] {http.py:130} INFO - Poking: https://api.openweathermap.org/data/2.5/weather?q=Nantes&appid=92a2228961d1701676a43daabb355f4d
[2024-12-06T21:09:15.673+0000] {base.py:83} INFO - Using connection ID 'weathermap_api' for task execution.
[2024-12-06T21:09:17.545+0000] {http.py:178} ERROR - HTTP error: Not Found
[2024-12-06T21:09:17.545+0000] {http.py:179} ERROR - <html>
<head><title>404 Not Found</title></head>
<body>
<center><h1>404 Not Found</h1></center>
<hr><center>openresty</center>
</body>
</html>

[2024-12-06T21:10:17.606+0000] {http.py:130} INFO - Poking: https://api.openweathermap.org/data/2.5/weather?q=Nantes&appid=92a2228961d1701676a43daabb355f4d
[2024-12-06T21:10:17.612+0000] {base.py:83} INFO - Using connection ID 'weathermap_api' for task execution.
[2024-12-06T21:10:21.004+0000] {http.py:178} ERROR - HTTP error: Not Found
[2024-12-06T21:10:21.005+0000] {http.py:179} ERROR - <html>
<head><title>404 Not Found</title></head>
<body>
<center><h1>404 Not Found</h1></center>
<hr><center>openresty</center>
</body>
</html>

[2024-12-06T21:11:21.066+0000] {http.py:130} INFO - Poking: https://api.openweathermap.org/data/2.5/weather?q=Nantes&appid=92a2228961d1701676a43daabb355f4d
[2024-12-06T21:11:21.071+0000] {base.py:83} INFO - Using connection ID 'weathermap_api' for task execution.
[2024-12-06T21:11:22.956+0000] {http.py:178} ERROR - HTTP error: Not Found
[2024-12-06T21:11:22.957+0000] {http.py:179} ERROR - <html>
<head><title>404 Not Found</title></head>
<body>
<center><h1>404 Not Found</h1></center>
<hr><center>openresty</center>
</body>
</html>

[2024-12-06T21:12:23.006+0000] {http.py:130} INFO - Poking: https://api.openweathermap.org/data/2.5/weather?q=Nantes&appid=92a2228961d1701676a43daabb355f4d
[2024-12-06T21:12:23.018+0000] {base.py:83} INFO - Using connection ID 'weathermap_api' for task execution.
[2024-12-06T21:12:25.869+0000] {http.py:178} ERROR - HTTP error: Not Found
[2024-12-06T21:12:25.870+0000] {http.py:179} ERROR - <html>
<head><title>404 Not Found</title></head>
<body>
<center><h1>404 Not Found</h1></center>
<hr><center>openresty</center>
</body>
</html>

[2024-12-06T21:13:25.903+0000] {http.py:130} INFO - Poking: https://api.openweathermap.org/data/2.5/weather?q=Nantes&appid=92a2228961d1701676a43daabb355f4d
[2024-12-06T21:13:25.915+0000] {base.py:83} INFO - Using connection ID 'weathermap_api' for task execution.
[2024-12-06T21:13:30.829+0000] {http.py:178} ERROR - HTTP error: Not Found
[2024-12-06T21:13:30.829+0000] {http.py:179} ERROR - <html>
<head><title>404 Not Found</title></head>
<body>
<center><h1>404 Not Found</h1></center>
<hr><center>openresty</center>
</body>
</html>

[2024-12-06T21:14:30.891+0000] {http.py:130} INFO - Poking: https://api.openweathermap.org/data/2.5/weather?q=Nantes&appid=92a2228961d1701676a43daabb355f4d
[2024-12-06T21:14:30.897+0000] {base.py:83} INFO - Using connection ID 'weathermap_api' for task execution.
[2024-12-06T21:14:34.059+0000] {http.py:178} ERROR - HTTP error: Not Found
[2024-12-06T21:14:34.060+0000] {http.py:179} ERROR - <html>
<head><title>404 Not Found</title></head>
<body>
<center><h1>404 Not Found</h1></center>
<hr><center>openresty</center>
</body>
</html>

[2024-12-06T21:15:34.121+0000] {http.py:130} INFO - Poking: https://api.openweathermap.org/data/2.5/weather?q=Nantes&appid=92a2228961d1701676a43daabb355f4d
[2024-12-06T21:15:34.126+0000] {base.py:83} INFO - Using connection ID 'weathermap_api' for task execution.
[2024-12-06T21:15:37.075+0000] {http.py:178} ERROR - HTTP error: Not Found
[2024-12-06T21:15:37.076+0000] {http.py:179} ERROR - <html>
<head><title>404 Not Found</title></head>
<body>
<center><h1>404 Not Found</h1></center>
<hr><center>openresty</center>
</body>
</html>

[2024-12-06T21:16:37.137+0000] {http.py:130} INFO - Poking: https://api.openweathermap.org/data/2.5/weather?q=Nantes&appid=92a2228961d1701676a43daabb355f4d
[2024-12-06T21:16:37.145+0000] {base.py:83} INFO - Using connection ID 'weathermap_api' for task execution.
[2024-12-06T21:16:38.987+0000] {http.py:178} ERROR - HTTP error: Not Found
[2024-12-06T21:16:38.988+0000] {http.py:179} ERROR - <html>
<head><title>404 Not Found</title></head>
<body>
<center><h1>404 Not Found</h1></center>
<hr><center>openresty</center>
</body>
</html>

[2024-12-06T21:17:39.050+0000] {http.py:130} INFO - Poking: https://api.openweathermap.org/data/2.5/weather?q=Nantes&appid=92a2228961d1701676a43daabb355f4d
[2024-12-06T21:17:39.057+0000] {base.py:83} INFO - Using connection ID 'weathermap_api' for task execution.
[2024-12-06T21:17:42.348+0000] {http.py:178} ERROR - HTTP error: Not Found
[2024-12-06T21:17:42.348+0000] {http.py:179} ERROR - <html>
<head><title>404 Not Found</title></head>
<body>
<center><h1>404 Not Found</h1></center>
<hr><center>openresty</center>
</body>
</html>

[2024-12-06T21:18:42.411+0000] {http.py:130} INFO - Poking: https://api.openweathermap.org/data/2.5/weather?q=Nantes&appid=92a2228961d1701676a43daabb355f4d
[2024-12-06T21:18:42.424+0000] {base.py:83} INFO - Using connection ID 'weathermap_api' for task execution.
[2024-12-06T21:18:43.005+0000] {http.py:178} ERROR - HTTP error: Not Found
[2024-12-06T21:18:43.005+0000] {http.py:179} ERROR - <html>
<head><title>404 Not Found</title></head>
<body>
<center><h1>404 Not Found</h1></center>
<hr><center>openresty</center>
</body>
</html>

[2024-12-06T21:19:43.068+0000] {http.py:130} INFO - Poking: https://api.openweathermap.org/data/2.5/weather?q=Nantes&appid=92a2228961d1701676a43daabb355f4d
[2024-12-06T21:19:43.076+0000] {base.py:83} INFO - Using connection ID 'weathermap_api' for task execution.
[2024-12-06T21:19:43.344+0000] {http.py:178} ERROR - HTTP error: Not Found
[2024-12-06T21:19:43.345+0000] {http.py:179} ERROR - <html>
<head><title>404 Not Found</title></head>
<body>
<center><h1>404 Not Found</h1></center>
<hr><center>openresty</center>
</body>
</html>

[2024-12-06T21:20:43.408+0000] {http.py:130} INFO - Poking: https://api.openweathermap.org/data/2.5/weather?q=Nantes&appid=92a2228961d1701676a43daabb355f4d
[2024-12-06T21:20:43.417+0000] {base.py:83} INFO - Using connection ID 'weathermap_api' for task execution.
[2024-12-06T21:20:44.705+0000] {http.py:178} ERROR - HTTP error: Not Found
[2024-12-06T21:20:44.706+0000] {http.py:179} ERROR - <html>
<head><title>404 Not Found</title></head>
<body>
<center><h1>404 Not Found</h1></center>
<hr><center>openresty</center>
</body>
</html>

[2024-12-06T21:21:44.767+0000] {http.py:130} INFO - Poking: https://api.openweathermap.org/data/2.5/weather?q=Nantes&appid=92a2228961d1701676a43daabb355f4d
[2024-12-06T21:21:44.780+0000] {base.py:83} INFO - Using connection ID 'weathermap_api' for task execution.
[2024-12-06T21:21:45.652+0000] {http.py:178} ERROR - HTTP error: Not Found
[2024-12-06T21:21:45.653+0000] {http.py:179} ERROR - <html>
<head><title>404 Not Found</title></head>
<body>
<center><h1>404 Not Found</h1></center>
<hr><center>openresty</center>
</body>
</html>

[2024-12-06T21:22:45.715+0000] {http.py:130} INFO - Poking: https://api.openweathermap.org/data/2.5/weather?q=Nantes&appid=92a2228961d1701676a43daabb355f4d
[2024-12-06T21:22:45.724+0000] {base.py:83} INFO - Using connection ID 'weathermap_api' for task execution.
[2024-12-06T21:22:47.283+0000] {http.py:178} ERROR - HTTP error: Not Found
[2024-12-06T21:22:47.284+0000] {http.py:179} ERROR - <html>
<head><title>404 Not Found</title></head>
<body>
<center><h1>404 Not Found</h1></center>
<hr><center>openresty</center>
</body>
</html>

[2024-12-06T21:23:47.346+0000] {http.py:130} INFO - Poking: https://api.openweathermap.org/data/2.5/weather?q=Nantes&appid=92a2228961d1701676a43daabb355f4d
[2024-12-06T21:23:47.358+0000] {base.py:83} INFO - Using connection ID 'weathermap_api' for task execution.
[2024-12-06T21:23:49.003+0000] {http.py:178} ERROR - HTTP error: Not Found
[2024-12-06T21:23:49.003+0000] {http.py:179} ERROR - <html>
<head><title>404 Not Found</title></head>
<body>
<center><h1>404 Not Found</h1></center>
<hr><center>openresty</center>
</body>
</html>

[2024-12-06T21:24:49.042+0000] {http.py:130} INFO - Poking: https://api.openweathermap.org/data/2.5/weather?q=Nantes&appid=92a2228961d1701676a43daabb355f4d
[2024-12-06T21:24:49.054+0000] {base.py:83} INFO - Using connection ID 'weathermap_api' for task execution.
[2024-12-06T21:24:49.912+0000] {http.py:178} ERROR - HTTP error: Not Found
[2024-12-06T21:24:49.912+0000] {http.py:179} ERROR - <html>
<head><title>404 Not Found</title></head>
<body>
<center><h1>404 Not Found</h1></center>
<hr><center>openresty</center>
</body>
</html>

[2024-12-06T21:25:49.974+0000] {http.py:130} INFO - Poking: https://api.openweathermap.org/data/2.5/weather?q=Nantes&appid=92a2228961d1701676a43daabb355f4d
[2024-12-06T21:25:49.983+0000] {base.py:83} INFO - Using connection ID 'weathermap_api' for task execution.
[2024-12-06T21:25:52.677+0000] {http.py:178} ERROR - HTTP error: Not Found
[2024-12-06T21:25:52.678+0000] {http.py:179} ERROR - <html>
<head><title>404 Not Found</title></head>
<body>
<center><h1>404 Not Found</h1></center>
<hr><center>openresty</center>
</body>
</html>

[2024-12-06T21:26:52.740+0000] {http.py:130} INFO - Poking: https://api.openweathermap.org/data/2.5/weather?q=Nantes&appid=92a2228961d1701676a43daabb355f4d
[2024-12-06T21:26:52.745+0000] {base.py:83} INFO - Using connection ID 'weathermap_api' for task execution.
[2024-12-06T21:26:53.043+0000] {http.py:178} ERROR - HTTP error: Not Found
[2024-12-06T21:26:53.043+0000] {http.py:179} ERROR - <html>
<head><title>404 Not Found</title></head>
<body>
<center><h1>404 Not Found</h1></center>
<hr><center>openresty</center>
</body>
</html>

[2024-12-06T21:27:53.054+0000] {http.py:130} INFO - Poking: https://api.openweathermap.org/data/2.5/weather?q=Nantes&appid=92a2228961d1701676a43daabb355f4d
[2024-12-06T21:27:53.067+0000] {base.py:83} INFO - Using connection ID 'weathermap_api' for task execution.
[2024-12-06T21:27:55.275+0000] {http.py:178} ERROR - HTTP error: Not Found
[2024-12-06T21:27:55.275+0000] {http.py:179} ERROR - <html>
<head><title>404 Not Found</title></head>
<body>
<center><h1>404 Not Found</h1></center>
<hr><center>openresty</center>
</body>
</html>

[2024-12-06T21:28:55.337+0000] {http.py:130} INFO - Poking: https://api.openweathermap.org/data/2.5/weather?q=Nantes&appid=92a2228961d1701676a43daabb355f4d
[2024-12-06T21:28:55.347+0000] {base.py:83} INFO - Using connection ID 'weathermap_api' for task execution.
[2024-12-06T21:28:56.212+0000] {http.py:178} ERROR - HTTP error: Not Found
[2024-12-06T21:28:56.215+0000] {http.py:179} ERROR - <html>
<head><title>404 Not Found</title></head>
<body>
<center><h1>404 Not Found</h1></center>
<hr><center>openresty</center>
</body>
</html>

[2024-12-06T21:29:56.798+0000] {http.py:130} INFO - Poking: https://api.openweathermap.org/data/2.5/weather?q=Nantes&appid=92a2228961d1701676a43daabb355f4d
[2024-12-06T21:29:56.805+0000] {base.py:83} INFO - Using connection ID 'weathermap_api' for task execution.
[2024-12-06T21:29:57.524+0000] {http.py:178} ERROR - HTTP error: Not Found
[2024-12-06T21:29:57.524+0000] {http.py:179} ERROR - <html>
<head><title>404 Not Found</title></head>
<body>
<center><h1>404 Not Found</h1></center>
<hr><center>openresty</center>
</body>
</html>

[2024-12-06T21:30:57.586+0000] {http.py:130} INFO - Poking: https://api.openweathermap.org/data/2.5/weather?q=Nantes&appid=92a2228961d1701676a43daabb355f4d
[2024-12-06T21:30:57.597+0000] {base.py:83} INFO - Using connection ID 'weathermap_api' for task execution.
[2024-12-06T21:30:58.221+0000] {http.py:178} ERROR - HTTP error: Not Found
[2024-12-06T21:30:58.222+0000] {http.py:179} ERROR - <html>
<head><title>404 Not Found</title></head>
<body>
<center><h1>404 Not Found</h1></center>
<hr><center>openresty</center>
</body>
</html>

[2024-12-06T21:31:58.284+0000] {http.py:130} INFO - Poking: https://api.openweathermap.org/data/2.5/weather?q=Nantes&appid=92a2228961d1701676a43daabb355f4d
[2024-12-06T21:31:58.291+0000] {base.py:83} INFO - Using connection ID 'weathermap_api' for task execution.
[2024-12-06T21:31:58.804+0000] {http.py:178} ERROR - HTTP error: Not Found
[2024-12-06T21:31:58.805+0000] {http.py:179} ERROR - <html>
<head><title>404 Not Found</title></head>
<body>
<center><h1>404 Not Found</h1></center>
<hr><center>openresty</center>
</body>
</html>

[2024-12-06T21:32:58.868+0000] {http.py:130} INFO - Poking: https://api.openweathermap.org/data/2.5/weather?q=Nantes&appid=92a2228961d1701676a43daabb355f4d
[2024-12-06T21:32:58.874+0000] {base.py:83} INFO - Using connection ID 'weathermap_api' for task execution.
[2024-12-06T21:32:59.663+0000] {http.py:178} ERROR - HTTP error: Not Found
[2024-12-06T21:32:59.663+0000] {http.py:179} ERROR - <html>
<head><title>404 Not Found</title></head>
<body>
<center><h1>404 Not Found</h1></center>
<hr><center>openresty</center>
</body>
</html>

[2024-12-06T21:33:59.710+0000] {http.py:130} INFO - Poking: https://api.openweathermap.org/data/2.5/weather?q=Nantes&appid=92a2228961d1701676a43daabb355f4d
[2024-12-06T21:33:59.722+0000] {base.py:83} INFO - Using connection ID 'weathermap_api' for task execution.
[2024-12-06T21:34:01.896+0000] {http.py:178} ERROR - HTTP error: Not Found
[2024-12-06T21:34:01.897+0000] {http.py:179} ERROR - <html>
<head><title>404 Not Found</title></head>
<body>
<center><h1>404 Not Found</h1></center>
<hr><center>openresty</center>
</body>
</html>

[2024-12-06T21:35:01.958+0000] {http.py:130} INFO - Poking: https://api.openweathermap.org/data/2.5/weather?q=Nantes&appid=92a2228961d1701676a43daabb355f4d
[2024-12-06T21:35:01.965+0000] {base.py:83} INFO - Using connection ID 'weathermap_api' for task execution.
[2024-12-06T21:35:03.509+0000] {http.py:178} ERROR - HTTP error: Not Found
[2024-12-06T21:35:03.510+0000] {http.py:179} ERROR - <html>
<head><title>404 Not Found</title></head>
<body>
<center><h1>404 Not Found</h1></center>
<hr><center>openresty</center>
</body>
</html>

[2024-12-06T21:36:03.573+0000] {http.py:130} INFO - Poking: https://api.openweathermap.org/data/2.5/weather?q=Nantes&appid=92a2228961d1701676a43daabb355f4d
[2024-12-06T21:36:03.582+0000] {base.py:83} INFO - Using connection ID 'weathermap_api' for task execution.
[2024-12-06T21:36:04.652+0000] {http.py:178} ERROR - HTTP error: Not Found
[2024-12-06T21:36:04.652+0000] {http.py:179} ERROR - <html>
<head><title>404 Not Found</title></head>
<body>
<center><h1>404 Not Found</h1></center>
<hr><center>openresty</center>
</body>
</html>

[2024-12-06T21:37:04.713+0000] {http.py:130} INFO - Poking: https://api.openweathermap.org/data/2.5/weather?q=Nantes&appid=92a2228961d1701676a43daabb355f4d
[2024-12-06T21:37:04.726+0000] {base.py:83} INFO - Using connection ID 'weathermap_api' for task execution.
[2024-12-06T21:37:05.886+0000] {http.py:178} ERROR - HTTP error: Not Found
[2024-12-06T21:37:05.886+0000] {http.py:179} ERROR - <html>
<head><title>404 Not Found</title></head>
<body>
<center><h1>404 Not Found</h1></center>
<hr><center>openresty</center>
</body>
</html>

[2024-12-06T21:38:05.949+0000] {http.py:130} INFO - Poking: https://api.openweathermap.org/data/2.5/weather?q=Nantes&appid=92a2228961d1701676a43daabb355f4d
[2024-12-06T21:38:05.957+0000] {base.py:83} INFO - Using connection ID 'weathermap_api' for task execution.
[2024-12-06T21:38:07.254+0000] {http.py:178} ERROR - HTTP error: Not Found
[2024-12-06T21:38:07.254+0000] {http.py:179} ERROR - <html>
<head><title>404 Not Found</title></head>
<body>
<center><h1>404 Not Found</h1></center>
<hr><center>openresty</center>
</body>
</html>

[2024-12-06T21:39:06.868+0000] {http.py:130} INFO - Poking: https://api.openweathermap.org/data/2.5/weather?q=Nantes&appid=92a2228961d1701676a43daabb355f4d
[2024-12-06T21:39:06.879+0000] {base.py:83} INFO - Using connection ID 'weathermap_api' for task execution.
[2024-12-06T21:39:11.060+0000] {http.py:178} ERROR - HTTP error: Not Found
[2024-12-06T21:39:11.061+0000] {http.py:179} ERROR - <html>
<head><title>404 Not Found</title></head>
<body>
<center><h1>404 Not Found</h1></center>
<hr><center>openresty</center>
</body>
</html>

[2024-12-06T21:40:11.122+0000] {http.py:130} INFO - Poking: https://api.openweathermap.org/data/2.5/weather?q=Nantes&appid=92a2228961d1701676a43daabb355f4d
[2024-12-06T21:40:11.134+0000] {base.py:83} INFO - Using connection ID 'weathermap_api' for task execution.
[2024-12-06T21:40:13.170+0000] {http.py:178} ERROR - HTTP error: Not Found
[2024-12-06T21:40:13.170+0000] {http.py:179} ERROR - <html>
<head><title>404 Not Found</title></head>
<body>
<center><h1>404 Not Found</h1></center>
<hr><center>openresty</center>
</body>
</html>

[2024-12-06T21:41:13.233+0000] {http.py:130} INFO - Poking: https://api.openweathermap.org/data/2.5/weather?q=Nantes&appid=92a2228961d1701676a43daabb355f4d
[2024-12-06T21:41:13.243+0000] {base.py:83} INFO - Using connection ID 'weathermap_api' for task execution.
[2024-12-06T21:41:14.006+0000] {http.py:178} ERROR - HTTP error: Not Found
[2024-12-06T21:41:14.006+0000] {http.py:179} ERROR - <html>
<head><title>404 Not Found</title></head>
<body>
<center><h1>404 Not Found</h1></center>
<hr><center>openresty</center>
</body>
</html>

[2024-12-06T21:42:14.069+0000] {http.py:130} INFO - Poking: https://api.openweathermap.org/data/2.5/weather?q=Nantes&appid=92a2228961d1701676a43daabb355f4d
[2024-12-06T21:42:14.076+0000] {base.py:83} INFO - Using connection ID 'weathermap_api' for task execution.
[2024-12-06T21:42:18.129+0000] {http.py:178} ERROR - HTTP error: Not Found
[2024-12-06T21:42:18.130+0000] {http.py:179} ERROR - <html>
<head><title>404 Not Found</title></head>
<body>
<center><h1>404 Not Found</h1></center>
<hr><center>openresty</center>
</body>
</html>

[2024-12-06T21:43:18.192+0000] {http.py:130} INFO - Poking: https://api.openweathermap.org/data/2.5/weather?q=Nantes&appid=92a2228961d1701676a43daabb355f4d
[2024-12-06T21:43:18.198+0000] {base.py:83} INFO - Using connection ID 'weathermap_api' for task execution.
[2024-12-06T21:43:19.200+0000] {http.py:178} ERROR - HTTP error: Not Found
[2024-12-06T21:43:19.201+0000] {http.py:179} ERROR - <html>
<head><title>404 Not Found</title></head>
<body>
<center><h1>404 Not Found</h1></center>
<hr><center>openresty</center>
</body>
</html>

[2024-12-06T21:44:19.231+0000] {http.py:130} INFO - Poking: https://api.openweathermap.org/data/2.5/weather?q=Nantes&appid=92a2228961d1701676a43daabb355f4d
[2024-12-06T21:44:19.238+0000] {base.py:83} INFO - Using connection ID 'weathermap_api' for task execution.
[2024-12-06T21:44:20.272+0000] {http.py:178} ERROR - HTTP error: Not Found
[2024-12-06T21:44:20.272+0000] {http.py:179} ERROR - <html>
<head><title>404 Not Found</title></head>
<body>
<center><h1>404 Not Found</h1></center>
<hr><center>openresty</center>
</body>
</html>

[2024-12-06T21:45:20.334+0000] {http.py:130} INFO - Poking: https://api.openweathermap.org/data/2.5/weather?q=Nantes&appid=92a2228961d1701676a43daabb355f4d
[2024-12-06T21:45:20.342+0000] {base.py:83} INFO - Using connection ID 'weathermap_api' for task execution.
[2024-12-06T21:45:22.134+0000] {http.py:178} ERROR - HTTP error: Not Found
[2024-12-06T21:45:22.135+0000] {http.py:179} ERROR - <html>
<head><title>404 Not Found</title></head>
<body>
<center><h1>404 Not Found</h1></center>
<hr><center>openresty</center>
</body>
</html>

[2024-12-06T21:46:22.198+0000] {http.py:130} INFO - Poking: https://api.openweathermap.org/data/2.5/weather?q=Nantes&appid=92a2228961d1701676a43daabb355f4d
[2024-12-06T21:46:22.211+0000] {base.py:83} INFO - Using connection ID 'weathermap_api' for task execution.
[2024-12-06T21:46:23.060+0000] {http.py:178} ERROR - HTTP error: Not Found
[2024-12-06T21:46:23.060+0000] {http.py:179} ERROR - <html>
<head><title>404 Not Found</title></head>
<body>
<center><h1>404 Not Found</h1></center>
<hr><center>openresty</center>
</body>
</html>

[2024-12-06T21:47:23.066+0000] {http.py:130} INFO - Poking: https://api.openweathermap.org/data/2.5/weather?q=Nantes&appid=92a2228961d1701676a43daabb355f4d
[2024-12-06T21:47:23.072+0000] {base.py:83} INFO - Using connection ID 'weathermap_api' for task execution.
[2024-12-06T21:47:27.996+0000] {http.py:178} ERROR - HTTP error: Not Found
[2024-12-06T21:47:27.997+0000] {http.py:179} ERROR - <html>
<head><title>404 Not Found</title></head>
<body>
<center><h1>404 Not Found</h1></center>
<hr><center>openresty</center>
</body>
</html>

[2024-12-06T21:48:28.058+0000] {http.py:130} INFO - Poking: https://api.openweathermap.org/data/2.5/weather?q=Nantes&appid=92a2228961d1701676a43daabb355f4d
[2024-12-06T21:48:28.065+0000] {base.py:83} INFO - Using connection ID 'weathermap_api' for task execution.
[2024-12-06T21:48:31.060+0000] {http.py:178} ERROR - HTTP error: Not Found
[2024-12-06T21:48:31.060+0000] {http.py:179} ERROR - <html>
<head><title>404 Not Found</title></head>
<body>
<center><h1>404 Not Found</h1></center>
<hr><center>openresty</center>
</body>
</html>

[2024-12-06T21:49:31.078+0000] {http.py:130} INFO - Poking: https://api.openweathermap.org/data/2.5/weather?q=Nantes&appid=92a2228961d1701676a43daabb355f4d
[2024-12-06T21:49:31.089+0000] {base.py:83} INFO - Using connection ID 'weathermap_api' for task execution.
[2024-12-06T21:49:34.150+0000] {http.py:178} ERROR - HTTP error: Not Found
[2024-12-06T21:49:34.151+0000] {http.py:179} ERROR - <html>
<head><title>404 Not Found</title></head>
<body>
<center><h1>404 Not Found</h1></center>
<hr><center>openresty</center>
</body>
</html>

[2024-12-06T21:50:34.213+0000] {http.py:130} INFO - Poking: https://api.openweathermap.org/data/2.5/weather?q=Nantes&appid=92a2228961d1701676a43daabb355f4d
[2024-12-06T21:50:34.222+0000] {base.py:83} INFO - Using connection ID 'weathermap_api' for task execution.
[2024-12-06T21:50:38.228+0000] {http.py:178} ERROR - HTTP error: Not Found
[2024-12-06T21:50:38.229+0000] {http.py:179} ERROR - <html>
<head><title>404 Not Found</title></head>
<body>
<center><h1>404 Not Found</h1></center>
<hr><center>openresty</center>
</body>
</html>

[2024-12-06T21:51:38.283+0000] {http.py:130} INFO - Poking: https://api.openweathermap.org/data/2.5/weather?q=Nantes&appid=92a2228961d1701676a43daabb355f4d
[2024-12-06T21:51:38.296+0000] {base.py:83} INFO - Using connection ID 'weathermap_api' for task execution.
[2024-12-06T21:51:41.077+0000] {http.py:178} ERROR - HTTP error: Not Found
[2024-12-06T21:51:41.077+0000] {http.py:179} ERROR - <html>
<head><title>404 Not Found</title></head>
<body>
<center><h1>404 Not Found</h1></center>
<hr><center>openresty</center>
</body>
</html>

[2024-12-06T21:52:41.137+0000] {http.py:130} INFO - Poking: https://api.openweathermap.org/data/2.5/weather?q=Nantes&appid=92a2228961d1701676a43daabb355f4d
[2024-12-06T21:52:41.147+0000] {base.py:83} INFO - Using connection ID 'weathermap_api' for task execution.
[2024-12-06T21:52:43.030+0000] {http.py:178} ERROR - HTTP error: Not Found
[2024-12-06T21:52:43.030+0000] {http.py:179} ERROR - <html>
<head><title>404 Not Found</title></head>
<body>
<center><h1>404 Not Found</h1></center>
<hr><center>openresty</center>
</body>
</html>

[2024-12-06T21:53:43.093+0000] {http.py:130} INFO - Poking: https://api.openweathermap.org/data/2.5/weather?q=Nantes&appid=92a2228961d1701676a43daabb355f4d
[2024-12-06T21:53:43.104+0000] {base.py:83} INFO - Using connection ID 'weathermap_api' for task execution.
[2024-12-06T21:53:47.093+0000] {http.py:178} ERROR - HTTP error: Not Found
[2024-12-06T21:53:47.093+0000] {http.py:179} ERROR - <html>
<head><title>404 Not Found</title></head>
<body>
<center><h1>404 Not Found</h1></center>
<hr><center>openresty</center>
</body>
</html>

[2024-12-06T21:54:47.134+0000] {http.py:130} INFO - Poking: https://api.openweathermap.org/data/2.5/weather?q=Nantes&appid=92a2228961d1701676a43daabb355f4d
[2024-12-06T21:54:47.146+0000] {base.py:83} INFO - Using connection ID 'weathermap_api' for task execution.
[2024-12-06T21:54:47.533+0000] {http.py:178} ERROR - HTTP error: Not Found
[2024-12-06T21:54:47.534+0000] {http.py:179} ERROR - <html>
<head><title>404 Not Found</title></head>
<body>
<center><h1>404 Not Found</h1></center>
<hr><center>openresty</center>
</body>
</html>

[2024-12-06T21:55:47.597+0000] {http.py:130} INFO - Poking: https://api.openweathermap.org/data/2.5/weather?q=Nantes&appid=92a2228961d1701676a43daabb355f4d
[2024-12-06T21:55:47.608+0000] {base.py:83} INFO - Using connection ID 'weathermap_api' for task execution.
[2024-12-06T21:55:48.388+0000] {http.py:178} ERROR - HTTP error: Not Found
[2024-12-06T21:55:48.388+0000] {http.py:179} ERROR - <html>
<head><title>404 Not Found</title></head>
<body>
<center><h1>404 Not Found</h1></center>
<hr><center>openresty</center>
</body>
</html>

[2024-12-06T21:56:48.449+0000] {http.py:130} INFO - Poking: https://api.openweathermap.org/data/2.5/weather?q=Nantes&appid=92a2228961d1701676a43daabb355f4d
[2024-12-06T21:56:48.456+0000] {base.py:83} INFO - Using connection ID 'weathermap_api' for task execution.
[2024-12-06T21:56:50.711+0000] {http.py:178} ERROR - HTTP error: Not Found
[2024-12-06T21:56:50.711+0000] {http.py:179} ERROR - <html>
<head><title>404 Not Found</title></head>
<body>
<center><h1>404 Not Found</h1></center>
<hr><center>openresty</center>
</body>
</html>

[2024-12-06T21:57:50.772+0000] {http.py:130} INFO - Poking: https://api.openweathermap.org/data/2.5/weather?q=Nantes&appid=92a2228961d1701676a43daabb355f4d
[2024-12-06T21:57:50.778+0000] {base.py:83} INFO - Using connection ID 'weathermap_api' for task execution.
[2024-12-06T21:57:51.301+0000] {http.py:178} ERROR - HTTP error: Not Found
[2024-12-06T21:57:51.302+0000] {http.py:179} ERROR - <html>
<head><title>404 Not Found</title></head>
<body>
<center><h1>404 Not Found</h1></center>
<hr><center>openresty</center>
</body>
</html>

[2024-12-06T21:58:51.309+0000] {http.py:130} INFO - Poking: https://api.openweathermap.org/data/2.5/weather?q=Nantes&appid=92a2228961d1701676a43daabb355f4d
[2024-12-06T21:58:51.321+0000] {base.py:83} INFO - Using connection ID 'weathermap_api' for task execution.
[2024-12-06T21:58:55.133+0000] {http.py:178} ERROR - HTTP error: Not Found
[2024-12-06T21:58:55.134+0000] {http.py:179} ERROR - <html>
<head><title>404 Not Found</title></head>
<body>
<center><h1>404 Not Found</h1></center>
<hr><center>openresty</center>
</body>
</html>

[2024-12-06T21:59:55.195+0000] {http.py:130} INFO - Poking: https://api.openweathermap.org/data/2.5/weather?q=Nantes&appid=92a2228961d1701676a43daabb355f4d
[2024-12-06T21:59:55.204+0000] {base.py:83} INFO - Using connection ID 'weathermap_api' for task execution.
[2024-12-06T21:59:55.697+0000] {http.py:178} ERROR - HTTP error: Not Found
[2024-12-06T21:59:55.698+0000] {http.py:179} ERROR - <html>
<head><title>404 Not Found</title></head>
<body>
<center><h1>404 Not Found</h1></center>
<hr><center>openresty</center>
</body>
</html>

[2024-12-06T22:00:55.761+0000] {http.py:130} INFO - Poking: https://api.openweathermap.org/data/2.5/weather?q=Nantes&appid=92a2228961d1701676a43daabb355f4d
[2024-12-06T22:00:55.768+0000] {base.py:83} INFO - Using connection ID 'weathermap_api' for task execution.
[2024-12-06T22:00:57.108+0000] {http.py:178} ERROR - HTTP error: Not Found
[2024-12-06T22:00:57.109+0000] {http.py:179} ERROR - <html>
<head><title>404 Not Found</title></head>
<body>
<center><h1>404 Not Found</h1></center>
<hr><center>openresty</center>
</body>
</html>

[2024-12-06T22:01:57.149+0000] {http.py:130} INFO - Poking: https://api.openweathermap.org/data/2.5/weather?q=Nantes&appid=92a2228961d1701676a43daabb355f4d
[2024-12-06T22:01:57.156+0000] {base.py:83} INFO - Using connection ID 'weathermap_api' for task execution.
[2024-12-06T22:02:00.742+0000] {http.py:178} ERROR - HTTP error: Not Found
[2024-12-06T22:02:00.743+0000] {http.py:179} ERROR - <html>
<head><title>404 Not Found</title></head>
<body>
<center><h1>404 Not Found</h1></center>
<hr><center>openresty</center>
</body>
</html>

[2024-12-06T22:03:00.803+0000] {http.py:130} INFO - Poking: https://api.openweathermap.org/data/2.5/weather?q=Nantes&appid=92a2228961d1701676a43daabb355f4d
[2024-12-06T22:03:00.810+0000] {base.py:83} INFO - Using connection ID 'weathermap_api' for task execution.
[2024-12-06T22:03:01.197+0000] {http.py:178} ERROR - HTTP error: Not Found
[2024-12-06T22:03:01.197+0000] {http.py:179} ERROR - <html>
<head><title>404 Not Found</title></head>
<body>
<center><h1>404 Not Found</h1></center>
<hr><center>openresty</center>
</body>
</html>

[2024-12-06T22:04:01.259+0000] {http.py:130} INFO - Poking: https://api.openweathermap.org/data/2.5/weather?q=Nantes&appid=92a2228961d1701676a43daabb355f4d
[2024-12-06T22:04:01.267+0000] {base.py:83} INFO - Using connection ID 'weathermap_api' for task execution.
[2024-12-06T22:04:03.028+0000] {http.py:178} ERROR - HTTP error: Not Found
[2024-12-06T22:04:03.028+0000] {http.py:179} ERROR - <html>
<head><title>404 Not Found</title></head>
<body>
<center><h1>404 Not Found</h1></center>
<hr><center>openresty</center>
</body>
</html>

[2024-12-06T22:05:03.090+0000] {http.py:130} INFO - Poking: https://api.openweathermap.org/data/2.5/weather?q=Nantes&appid=92a2228961d1701676a43daabb355f4d
[2024-12-06T22:05:03.103+0000] {base.py:83} INFO - Using connection ID 'weathermap_api' for task execution.
[2024-12-06T22:05:05.108+0000] {http.py:178} ERROR - HTTP error: Not Found
[2024-12-06T22:05:05.109+0000] {http.py:179} ERROR - <html>
<head><title>404 Not Found</title></head>
<body>
<center><h1>404 Not Found</h1></center>
<hr><center>openresty</center>
</body>
</html>

[2024-12-06T22:06:05.170+0000] {http.py:130} INFO - Poking: https://api.openweathermap.org/data/2.5/weather?q=Nantes&appid=92a2228961d1701676a43daabb355f4d
[2024-12-06T22:06:05.180+0000] {base.py:83} INFO - Using connection ID 'weathermap_api' for task execution.
[2024-12-06T22:06:10.836+0000] {http.py:178} ERROR - HTTP error: Not Found
[2024-12-06T22:06:10.836+0000] {http.py:179} ERROR - <html>
<head><title>404 Not Found</title></head>
<body>
<center><h1>404 Not Found</h1></center>
<hr><center>openresty</center>
</body>
</html>

[2024-12-06T22:07:10.866+0000] {http.py:130} INFO - Poking: https://api.openweathermap.org/data/2.5/weather?q=Nantes&appid=92a2228961d1701676a43daabb355f4d
[2024-12-06T22:07:10.873+0000] {base.py:83} INFO - Using connection ID 'weathermap_api' for task execution.
[2024-12-06T22:07:11.165+0000] {http.py:178} ERROR - HTTP error: Not Found
[2024-12-06T22:07:11.166+0000] {http.py:179} ERROR - <html>
<head><title>404 Not Found</title></head>
<body>
<center><h1>404 Not Found</h1></center>
<hr><center>openresty</center>
</body>
</html>

[2024-12-06T22:08:11.226+0000] {http.py:130} INFO - Poking: https://api.openweathermap.org/data/2.5/weather?q=Nantes&appid=92a2228961d1701676a43daabb355f4d
[2024-12-06T22:08:11.245+0000] {base.py:83} INFO - Using connection ID 'weathermap_api' for task execution.
[2024-12-06T22:08:13.076+0000] {http.py:178} ERROR - HTTP error: Not Found
[2024-12-06T22:08:13.076+0000] {http.py:179} ERROR - <html>
<head><title>404 Not Found</title></head>
<body>
<center><h1>404 Not Found</h1></center>
<hr><center>openresty</center>
</body>
</html>

[2024-12-06T22:09:13.116+0000] {http.py:130} INFO - Poking: https://api.openweathermap.org/data/2.5/weather?q=Nantes&appid=92a2228961d1701676a43daabb355f4d
[2024-12-06T22:09:13.128+0000] {base.py:83} INFO - Using connection ID 'weathermap_api' for task execution.
[2024-12-06T22:09:16.091+0000] {http.py:178} ERROR - HTTP error: Not Found
[2024-12-06T22:09:16.092+0000] {http.py:179} ERROR - <html>
<head><title>404 Not Found</title></head>
<body>
<center><h1>404 Not Found</h1></center>
<hr><center>openresty</center>
</body>
</html>

[2024-12-06T22:10:16.153+0000] {http.py:130} INFO - Poking: https://api.openweathermap.org/data/2.5/weather?q=Nantes&appid=92a2228961d1701676a43daabb355f4d
[2024-12-06T22:10:16.160+0000] {base.py:83} INFO - Using connection ID 'weathermap_api' for task execution.
[2024-12-06T22:10:16.862+0000] {http.py:178} ERROR - HTTP error: Not Found
[2024-12-06T22:10:16.862+0000] {http.py:179} ERROR - <html>
<head><title>404 Not Found</title></head>
<body>
<center><h1>404 Not Found</h1></center>
<hr><center>openresty</center>
</body>
</html>

[2024-12-06T22:11:16.914+0000] {http.py:130} INFO - Poking: https://api.openweathermap.org/data/2.5/weather?q=Nantes&appid=92a2228961d1701676a43daabb355f4d
[2024-12-06T22:11:16.919+0000] {base.py:83} INFO - Using connection ID 'weathermap_api' for task execution.
[2024-12-06T22:11:17.308+0000] {http.py:178} ERROR - HTTP error: Not Found
[2024-12-06T22:11:17.309+0000] {http.py:179} ERROR - <html>
<head><title>404 Not Found</title></head>
<body>
<center><h1>404 Not Found</h1></center>
<hr><center>openresty</center>
</body>
</html>

[2024-12-06T22:12:17.372+0000] {http.py:130} INFO - Poking: https://api.openweathermap.org/data/2.5/weather?q=Nantes&appid=92a2228961d1701676a43daabb355f4d
[2024-12-06T22:12:17.384+0000] {base.py:83} INFO - Using connection ID 'weathermap_api' for task execution.
[2024-12-06T22:12:17.793+0000] {http.py:178} ERROR - HTTP error: Not Found
[2024-12-06T22:12:17.794+0000] {http.py:179} ERROR - <html>
<head><title>404 Not Found</title></head>
<body>
<center><h1>404 Not Found</h1></center>
<hr><center>openresty</center>
</body>
</html>

[2024-12-06T22:13:17.827+0000] {http.py:130} INFO - Poking: https://api.openweathermap.org/data/2.5/weather?q=Nantes&appid=92a2228961d1701676a43daabb355f4d
[2024-12-06T22:13:17.838+0000] {base.py:83} INFO - Using connection ID 'weathermap_api' for task execution.
[2024-12-06T22:13:21.175+0000] {http.py:178} ERROR - HTTP error: Not Found
[2024-12-06T22:13:21.176+0000] {http.py:179} ERROR - <html>
<head><title>404 Not Found</title></head>
<body>
<center><h1>404 Not Found</h1></center>
<hr><center>openresty</center>
</body>
</html>

[2024-12-06T22:14:21.203+0000] {http.py:130} INFO - Poking: https://api.openweathermap.org/data/2.5/weather?q=Nantes&appid=92a2228961d1701676a43daabb355f4d
[2024-12-06T22:14:21.209+0000] {base.py:83} INFO - Using connection ID 'weathermap_api' for task execution.
[2024-12-06T22:14:21.884+0000] {http.py:178} ERROR - HTTP error: Not Found
[2024-12-06T22:14:21.885+0000] {http.py:179} ERROR - <html>
<head><title>404 Not Found</title></head>
<body>
<center><h1>404 Not Found</h1></center>
<hr><center>openresty</center>
</body>
</html>

[2024-12-06T22:15:21.933+0000] {http.py:130} INFO - Poking: https://api.openweathermap.org/data/2.5/weather?q=Nantes&appid=92a2228961d1701676a43daabb355f4d
[2024-12-06T22:15:21.943+0000] {base.py:83} INFO - Using connection ID 'weathermap_api' for task execution.
[2024-12-06T22:15:23.886+0000] {http.py:178} ERROR - HTTP error: Not Found
[2024-12-06T22:15:23.887+0000] {http.py:179} ERROR - <html>
<head><title>404 Not Found</title></head>
<body>
<center><h1>404 Not Found</h1></center>
<hr><center>openresty</center>
</body>
</html>

[2024-12-06T22:16:23.949+0000] {http.py:130} INFO - Poking: https://api.openweathermap.org/data/2.5/weather?q=Nantes&appid=92a2228961d1701676a43daabb355f4d
[2024-12-06T22:16:23.959+0000] {base.py:83} INFO - Using connection ID 'weathermap_api' for task execution.
[2024-12-06T22:16:25.046+0000] {http.py:178} ERROR - HTTP error: Not Found
[2024-12-06T22:16:25.046+0000] {http.py:179} ERROR - <html>
<head><title>404 Not Found</title></head>
<body>
<center><h1>404 Not Found</h1></center>
<hr><center>openresty</center>
</body>
</html>

[2024-12-06T22:17:25.108+0000] {http.py:130} INFO - Poking: https://api.openweathermap.org/data/2.5/weather?q=Nantes&appid=92a2228961d1701676a43daabb355f4d
[2024-12-06T22:17:25.121+0000] {base.py:83} INFO - Using connection ID 'weathermap_api' for task execution.
[2024-12-06T22:17:26.390+0000] {http.py:178} ERROR - HTTP error: Not Found
[2024-12-06T22:17:26.390+0000] {http.py:179} ERROR - <html>
<head><title>404 Not Found</title></head>
<body>
<center><h1>404 Not Found</h1></center>
<hr><center>openresty</center>
</body>
</html>

[2024-12-06T22:18:26.452+0000] {http.py:130} INFO - Poking: https://api.openweathermap.org/data/2.5/weather?q=Nantes&appid=92a2228961d1701676a43daabb355f4d
[2024-12-06T22:18:26.463+0000] {base.py:83} INFO - Using connection ID 'weathermap_api' for task execution.
[2024-12-06T22:18:31.060+0000] {http.py:178} ERROR - HTTP error: Not Found
[2024-12-06T22:18:31.061+0000] {http.py:179} ERROR - <html>
<head><title>404 Not Found</title></head>
<body>
<center><h1>404 Not Found</h1></center>
<hr><center>openresty</center>
</body>
</html>

[2024-12-06T22:19:31.077+0000] {http.py:130} INFO - Poking: https://api.openweathermap.org/data/2.5/weather?q=Nantes&appid=92a2228961d1701676a43daabb355f4d
[2024-12-06T22:19:31.091+0000] {base.py:83} INFO - Using connection ID 'weathermap_api' for task execution.
[2024-12-06T22:19:31.334+0000] {http.py:178} ERROR - HTTP error: Not Found
[2024-12-06T22:19:31.335+0000] {http.py:179} ERROR - <html>
<head><title>404 Not Found</title></head>
<body>
<center><h1>404 Not Found</h1></center>
<hr><center>openresty</center>
</body>
</html>

[2024-12-06T22:20:31.398+0000] {http.py:130} INFO - Poking: https://api.openweathermap.org/data/2.5/weather?q=Nantes&appid=92a2228961d1701676a43daabb355f4d
[2024-12-06T22:20:31.412+0000] {base.py:83} INFO - Using connection ID 'weathermap_api' for task execution.
[2024-12-06T22:20:35.665+0000] {http.py:178} ERROR - HTTP error: Not Found
[2024-12-06T22:20:35.665+0000] {http.py:179} ERROR - <html>
<head><title>404 Not Found</title></head>
<body>
<center><h1>404 Not Found</h1></center>
<hr><center>openresty</center>
</body>
</html>

[2024-12-06T22:20:53.555+0000] {local_task_job_runner.py:302} WARNING - State of this instance has been externally set to removed. Terminating instance.
[2024-12-06T22:20:53.556+0000] {process_utils.py:131} INFO - Sending 15 to group 3702. PIDs of all processes in the group: [3702]
[2024-12-06T22:20:53.557+0000] {process_utils.py:86} INFO - Sending the signal 15 to group 3702
[2024-12-06T22:20:53.557+0000] {taskinstance.py:2450} ERROR - Received SIGTERM. Terminating subprocesses.
[2024-12-06T22:20:53.609+0000] {process_utils.py:79} INFO - Process psutil.Process(pid=3702, status='terminated', exitcode=0, started='20:10:47') (3702) terminated with exit code 0
