[2024-12-07T16:14:02.559+0000] {taskinstance.py:1956} INFO - Dependencies all met for dep_context=non-requeueable deps ti=<TaskInstance: weather_dag.create_table manual__2024-12-07T16:13:56.354755+00:00 [queued]>
[2024-12-07T16:14:02.566+0000] {taskinstance.py:1956} INFO - Dependencies all met for dep_context=requeueable deps ti=<TaskInstance: weather_dag.create_table manual__2024-12-07T16:13:56.354755+00:00 [queued]>
[2024-12-07T16:14:02.567+0000] {taskinstance.py:2170} INFO - Starting attempt 1 of 3
[2024-12-07T16:14:02.578+0000] {taskinstance.py:2191} INFO - Executing <Task(PostgresOperator): create_table> on 2024-12-07 16:13:56.354755+00:00
[2024-12-07T16:14:02.584+0000] {standard_task_runner.py:60} INFO - Started process 3462 to run task
[2024-12-07T16:14:02.587+0000] {standard_task_runner.py:87} INFO - Running: ['***', 'tasks', 'run', 'weather_dag', 'create_table', 'manual__2024-12-07T16:13:56.354755+00:00', '--job-id', '171', '--raw', '--subdir', 'DAGS_FOLDER/extract.py', '--cfg-path', '/tmp/tmpi9olocw3']
[2024-12-07T16:14:02.588+0000] {standard_task_runner.py:88} INFO - Job 171: Subtask create_table
[2024-12-07T16:14:02.599+0000] {warnings.py:109} WARNING - /home/***/.local/lib/python3.8/site-packages/***/settings.py:194: DeprecationWarning: The sql_alchemy_conn option in [core] has been moved to the sql_alchemy_conn option in [database] - the old setting has been used, but please update your config.
  SQL_ALCHEMY_CONN = conf.get("database", "SQL_ALCHEMY_CONN")

[2024-12-07T16:14:02.628+0000] {task_command.py:423} INFO - Running <TaskInstance: weather_dag.create_table manual__2024-12-07T16:13:56.354755+00:00 [running]> on host 8271fbcad3f4
[2024-12-07T16:14:02.697+0000] {taskinstance.py:2480} INFO - Exporting env vars: AIRFLOW_CTX_DAG_EMAIL='thiernosidybah232@gmail.com' AIRFLOW_CTX_DAG_OWNER='***' AIRFLOW_CTX_DAG_ID='weather_dag' AIRFLOW_CTX_TASK_ID='create_table' AIRFLOW_CTX_EXECUTION_DATE='2024-12-07T16:13:56.354755+00:00' AIRFLOW_CTX_TRY_NUMBER='1' AIRFLOW_CTX_DAG_RUN_ID='manual__2024-12-07T16:13:56.354755+00:00'
[2024-12-07T16:14:02.698+0000] {sql.py:276} INFO - Executing: 
                        CREATE TABLE IF NOT EXISTS Weathers(
                            id SERIAL PRIMARY KEY,
                            City TEXT ,
                            Description TEXT, 
                            Temperature_C FLOAT, 
                            Feels_Like_C FLOAT, 
                            Pressure FLOAT, 
                            Humidity FLOAT,
                            Wind_Speed FLOAT,
                            Time_of_Record TEXT, 
                            Sunrise_Local_time TEXT,
                            Sunset_Local_time  TEXT
                            );
                
                
                    
[2024-12-07T16:14:02.706+0000] {base.py:83} INFO - Using connection ID 'weather_database_connection' for task execution.
[2024-12-07T16:14:02.714+0000] {base.py:83} INFO - Using connection ID 'weather_database_connection' for task execution.
[2024-12-07T16:14:02.717+0000] {sql.py:450} INFO - Running statement: 
                        CREATE TABLE IF NOT EXISTS Weathers(
                            id SERIAL PRIMARY KEY,
                            City TEXT ,
                            Description TEXT, 
                            Temperature_C FLOAT, 
                            Feels_Like_C FLOAT, 
                            Pressure FLOAT, 
                            Humidity FLOAT,
                            Wind_Speed FLOAT,
                            Time_of_Record TEXT, 
                            Sunrise_Local_time TEXT,
                            Sunset_Local_time  TEXT
                            );
                
                
                    , parameters: None
[2024-12-07T16:14:02.726+0000] {taskinstance.py:1138} INFO - Marking task as SUCCESS. dag_id=weather_dag, task_id=create_table, execution_date=20241207T161356, start_date=20241207T161402, end_date=20241207T161402
[2024-12-07T16:14:02.757+0000] {local_task_job_runner.py:234} INFO - Task exited with return code 0
[2024-12-07T16:14:02.771+0000] {taskinstance.py:3280} INFO - 1 downstream tasks scheduled from follow-on schedule check
