[2024-12-07T22:07:22.814+0000] {taskinstance.py:1956} INFO - Dependencies all met for dep_context=non-requeueable deps ti=<TaskInstance: weather_dag.create_table manual__2024-12-07T22:07:14.601910+00:00 [queued]>
[2024-12-07T22:07:22.821+0000] {taskinstance.py:1956} INFO - Dependencies all met for dep_context=requeueable deps ti=<TaskInstance: weather_dag.create_table manual__2024-12-07T22:07:14.601910+00:00 [queued]>
[2024-12-07T22:07:22.822+0000] {taskinstance.py:2170} INFO - Starting attempt 1 of 3
[2024-12-07T22:07:22.832+0000] {taskinstance.py:2191} INFO - Executing <Task(PostgresOperator): create_table> on 2024-12-07 22:07:14.601910+00:00
[2024-12-07T22:07:22.838+0000] {standard_task_runner.py:60} INFO - Started process 19964 to run task
[2024-12-07T22:07:22.841+0000] {standard_task_runner.py:87} INFO - Running: ['***', 'tasks', 'run', 'weather_dag', 'create_table', 'manual__2024-12-07T22:07:14.601910+00:00', '--job-id', '413', '--raw', '--subdir', 'DAGS_FOLDER/extract.py', '--cfg-path', '/tmp/tmp533r5kn9']
[2024-12-07T22:07:22.843+0000] {standard_task_runner.py:88} INFO - Job 413: Subtask create_table
[2024-12-07T22:07:22.855+0000] {warnings.py:109} WARNING - /home/***/.local/lib/python3.8/site-packages/***/settings.py:194: DeprecationWarning: The sql_alchemy_conn option in [core] has been moved to the sql_alchemy_conn option in [database] - the old setting has been used, but please update your config.
  SQL_ALCHEMY_CONN = conf.get("database", "SQL_ALCHEMY_CONN")

[2024-12-07T22:07:22.907+0000] {task_command.py:423} INFO - Running <TaskInstance: weather_dag.create_table manual__2024-12-07T22:07:14.601910+00:00 [running]> on host 8271fbcad3f4
[2024-12-07T22:07:22.990+0000] {taskinstance.py:2480} INFO - Exporting env vars: AIRFLOW_CTX_DAG_EMAIL='thiernosidybah232@gmail.com' AIRFLOW_CTX_DAG_OWNER='***' AIRFLOW_CTX_DAG_ID='weather_dag' AIRFLOW_CTX_TASK_ID='create_table' AIRFLOW_CTX_EXECUTION_DATE='2024-12-07T22:07:14.601910+00:00' AIRFLOW_CTX_TRY_NUMBER='1' AIRFLOW_CTX_DAG_RUN_ID='manual__2024-12-07T22:07:14.601910+00:00'
[2024-12-07T22:07:22.992+0000] {sql.py:276} INFO - Executing: 
                        DROP TABLE IF EXISTS Weather_table;
                        CREATE TABLE IF NOT EXISTS Weather_table(
                            city TEXT,
                            weather_description TEXT , 
                            temp_c NUMERIC,
                            feels_like_celsius NUMERIC, 
                            min_temp_c NUMERIC,
                            max_temp_c NUMERIC, 
                            pressure NUMERIC, 
                            humidity NUMERIC, 
                            wind_speed NUMERIC, 
                            time_of_record TIMESTAMP, 
                            sunrise_time TIMESTAMP, 
                            sunset_time TIMESTAMP ); 
                    
[2024-12-07T22:07:23.003+0000] {base.py:83} INFO - Using connection ID 'weather_database_connection' for task execution.
[2024-12-07T22:07:23.017+0000] {base.py:83} INFO - Using connection ID 'weather_database_connection' for task execution.
[2024-12-07T22:07:23.024+0000] {sql.py:450} INFO - Running statement: 
                        DROP TABLE IF EXISTS Weather_table;
                        CREATE TABLE IF NOT EXISTS Weather_table(
                            city TEXT,
                            weather_description TEXT , 
                            temp_c NUMERIC,
                            feels_like_celsius NUMERIC, 
                            min_temp_c NUMERIC,
                            max_temp_c NUMERIC, 
                            pressure NUMERIC, 
                            humidity NUMERIC, 
                            wind_speed NUMERIC, 
                            time_of_record TIMESTAMP, 
                            sunrise_time TIMESTAMP, 
                            sunset_time TIMESTAMP ); 
                    , parameters: None
[2024-12-07T22:07:23.049+0000] {taskinstance.py:1138} INFO - Marking task as SUCCESS. dag_id=weather_dag, task_id=create_table, execution_date=20241207T220714, start_date=20241207T220722, end_date=20241207T220723
[2024-12-07T22:07:23.092+0000] {local_task_job_runner.py:234} INFO - Task exited with return code 0
[2024-12-07T22:07:23.138+0000] {taskinstance.py:3280} INFO - 1 downstream tasks scheduled from follow-on schedule check
