[2024-12-07T21:59:13.027+0000] {taskinstance.py:1956} INFO - Dependencies all met for dep_context=non-requeueable deps ti=<TaskInstance: weather_dag.Transform_weather_data manual__2024-12-07T21:59:05.551796+00:00 [queued]>
[2024-12-07T21:59:13.035+0000] {taskinstance.py:1956} INFO - Dependencies all met for dep_context=requeueable deps ti=<TaskInstance: weather_dag.Transform_weather_data manual__2024-12-07T21:59:05.551796+00:00 [queued]>
[2024-12-07T21:59:13.036+0000] {taskinstance.py:2170} INFO - Starting attempt 1 of 3
[2024-12-07T21:59:13.044+0000] {taskinstance.py:2191} INFO - Executing <Task(PythonOperator): Transform_weather_data> on 2024-12-07 21:59:05.551796+00:00
[2024-12-07T21:59:13.048+0000] {standard_task_runner.py:60} INFO - Started process 19558 to run task
[2024-12-07T21:59:13.051+0000] {standard_task_runner.py:87} INFO - Running: ['***', 'tasks', 'run', 'weather_dag', 'Transform_weather_data', 'manual__2024-12-07T21:59:05.551796+00:00', '--job-id', '402', '--raw', '--subdir', 'DAGS_FOLDER/extract.py', '--cfg-path', '/tmp/tmpek5tjulq']
[2024-12-07T21:59:13.052+0000] {standard_task_runner.py:88} INFO - Job 402: Subtask Transform_weather_data
[2024-12-07T21:59:13.065+0000] {warnings.py:109} WARNING - /home/***/.local/lib/python3.8/site-packages/***/settings.py:194: DeprecationWarning: The sql_alchemy_conn option in [core] has been moved to the sql_alchemy_conn option in [database] - the old setting has been used, but please update your config.
  SQL_ALCHEMY_CONN = conf.get("database", "SQL_ALCHEMY_CONN")

[2024-12-07T21:59:13.107+0000] {task_command.py:423} INFO - Running <TaskInstance: weather_dag.Transform_weather_data manual__2024-12-07T21:59:05.551796+00:00 [running]> on host 8271fbcad3f4
[2024-12-07T21:59:13.212+0000] {taskinstance.py:2480} INFO - Exporting env vars: AIRFLOW_CTX_DAG_EMAIL='thiernosidybah232@gmail.com' AIRFLOW_CTX_DAG_OWNER='***' AIRFLOW_CTX_DAG_ID='weather_dag' AIRFLOW_CTX_TASK_ID='Transform_weather_data' AIRFLOW_CTX_EXECUTION_DATE='2024-12-07T21:59:05.551796+00:00' AIRFLOW_CTX_TRY_NUMBER='1' AIRFLOW_CTX_DAG_RUN_ID='manual__2024-12-07T21:59:05.551796+00:00'
[2024-12-07T21:59:13.251+0000] {python.py:201} INFO - Done. Returned value was:                           city  ...         sunset_time
0                     Toulouse  ... 2024-12-07 17:17:41
1     Arrondissement de Nantes  ... 2024-12-07 17:16:58
2   Arrondissement de Grenoble  ... 2024-12-07 16:55:02
3  Arrondissement de Marseille  ... 2024-12-07 17:02:22
4       Arrondissement de Lyon  ... 2024-12-07 16:57:38
5                     Montreal  ... 2024-12-07 16:11:10
6                     New York  ... 2024-12-07 16:28:39
7                      Conakry  ... 2024-12-07 18:34:03
8                        Dakar  ... 2024-12-07 18:40:10

[9 rows x 12 columns]
[2024-12-07T21:59:13.298+0000] {taskinstance.py:1138} INFO - Marking task as SUCCESS. dag_id=weather_dag, task_id=Transform_weather_data, execution_date=20241207T215905, start_date=20241207T215913, end_date=20241207T215913
[2024-12-07T21:59:13.342+0000] {local_task_job_runner.py:234} INFO - Task exited with return code 0
[2024-12-07T21:59:13.371+0000] {taskinstance.py:3280} INFO - 1 downstream tasks scheduled from follow-on schedule check
